INFO:root:LAT : -23.55 LON : -46.633
DEBUG:urllib3.connectionpool:Starting new HTTP connection (1): 20.66.123.181:5000
DEBUG:urllib3.connectionpool:http://20.66.123.181:5000 "POST /client HTTP/1.1" 200 55
INFO:root:now =2022-07-20 17:37:22.517846
INFO:root:gc: 20.226.184.87 5002
INFO:root:Connecting to gc 2022-07-20 17:37:22.517997
INFO:root:connection established with game container 2022-07-20 17:37:22.542137
INFO:root:sent ping 2022-07-20 17:37:23.144719
INFO:root:Connection with gc done 2022-07-20 17:37:23.145277
INFO:root:2022-07-20 17:37:23.148567Got pong from server
INFO:root:latency :: 0.004149436950683594
INFO:root:sent ping 2022-07-20 17:37:24.146652
INFO:root:2022-07-20 17:37:24.152851Got pong from server
INFO:root:latency :: 0.006804466247558594
INFO:root:sent ping 2022-07-20 17:37:25.148441
INFO:root:2022-07-20 17:37:25.153244Got pong from server
INFO:root:latency :: 0.0051763057708740234
INFO:root:sent ping 2022-07-20 17:37:26.149954
INFO:root:2022-07-20 17:37:26.154093Got pong from server
INFO:root:latency :: 0.004386186599731445
INFO:root:sent ping 2022-07-20 17:37:27.151413
INFO:root:2022-07-20 17:37:27.154886Got pong from server
INFO:root:latency :: 0.0037832260131835938
INFO:root:sent ping 2022-07-20 17:37:28.152812
INFO:root:2022-07-20 17:37:28.156994Got pong from server
INFO:root:latency :: 0.0044252872467041016
INFO:root:sent ping 2022-07-20 17:37:29.154279
INFO:root:2022-07-20 17:37:29.161473Got pong from server
INFO:root:latency :: 0.007511615753173828
INFO:root:sent ping 2022-07-20 17:37:30.155860
INFO:root:2022-07-20 17:37:30.162241Got pong from server
INFO:root:latency :: 0.006739616394042969
INFO:root:sent ping 2022-07-20 17:37:31.157465
INFO:root:2022-07-20 17:37:31.163243Got pong from server
INFO:root:latency :: 0.006173610687255859
INFO:root:sent ping 2022-07-20 17:37:32.159055
INFO:root:2022-07-20 17:37:32.169115Got pong from server
INFO:root:latency :: 0.010341644287109375
INFO:root:sent ping 2022-07-20 17:37:33.160481
INFO:root:2022-07-20 17:37:33.163762Got pong from server
INFO:root:latency :: 0.0035288333892822266
INFO:root:sent ping 2022-07-20 17:37:34.161889
INFO:root:2022-07-20 17:37:34.166846Got pong from server
INFO:root:latency :: 0.005205869674682617
INFO:root:sent ping 2022-07-20 17:37:35.163281
INFO:root:2022-07-20 17:37:35.169207Got pong from server
INFO:root:latency :: 0.00619196891784668
INFO:root:sent ping 2022-07-20 17:37:36.164737
INFO:root:2022-07-20 17:37:36.174460Got pong from server
INFO:root:latency :: 0.009973287582397461
INFO:root:sent ping 2022-07-20 17:37:37.166210
INFO:root:2022-07-20 17:37:37.179628Got pong from server
INFO:root:latency :: 0.013665437698364258
INFO:root:sent ping 2022-07-20 17:37:38.167843
INFO:root:2022-07-20 17:37:38.173195Got pong from server
INFO:root:latency :: 0.005711078643798828
INFO:root:sent ping 2022-07-20 17:37:39.169279
INFO:root:2022-07-20 17:37:39.172917Got pong from server
INFO:root:latency :: 0.003927946090698242
INFO:root:sent ping 2022-07-20 17:37:40.170730
INFO:root:2022-07-20 17:37:40.180440Got pong from server
INFO:root:latency :: 0.00994873046875
INFO:root:sent ping 2022-07-20 17:37:41.172136
INFO:root:2022-07-20 17:37:41.176774Got pong from server
INFO:root:latency :: 0.004933595657348633
INFO:root:sent ping 2022-07-20 17:37:42.173699
INFO:root:2022-07-20 17:37:42.177594Got pong from server
INFO:root:latency :: 0.004140615463256836
INFO:root:sent ping 2022-07-20 17:37:43.175228
INFO:root:2022-07-20 17:37:43.181018Got pong from server
INFO:root:latency :: 0.006087779998779297
INFO:root:sent ping 2022-07-20 17:37:44.177013
INFO:root:2022-07-20 17:37:44.187518Got pong from server
INFO:root:latency :: 0.010837554931640625
INFO:root:sent ping 2022-07-20 17:37:45.178444
INFO:root:2022-07-20 17:37:45.183714Got pong from server
INFO:root:latency :: 0.0055599212646484375
INFO:root:sent ping 2022-07-20 17:37:46.179847
INFO:root:2022-07-20 17:37:46.184977Got pong from server
INFO:root:latency :: 0.005585432052612305
INFO:root:sent ping 2022-07-20 17:37:47.181291
INFO:root:2022-07-20 17:37:47.186223Got pong from server
INFO:root:latency :: 0.0052487850189208984
INFO:root:sent ping 2022-07-20 17:37:48.182798
INFO:root:2022-07-20 17:37:48.186515Got pong from server
INFO:root:latency :: 0.003993988037109375
INFO:root:sent ping 2022-07-20 17:37:49.183531
INFO:root:2022-07-20 17:37:49.194481Got pong from server
INFO:root:latency :: 0.011240482330322266
INFO:root:sent ping 2022-07-20 17:37:50.185138
INFO:root:2022-07-20 17:37:50.190058Got pong from server
INFO:root:latency :: 0.00524592399597168
INFO:root:sent ping 2022-07-20 17:37:51.186705
INFO:root:2022-07-20 17:37:51.191000Got pong from server
INFO:root:latency :: 0.004556894302368164
INFO:root:sent ping 2022-07-20 17:37:52.188184
INFO:root:2022-07-20 17:37:52.192166Got pong from server
INFO:root:latency :: 0.004257678985595703
INFO:root:{'mean_latency': 6.3111066818237305, 'std_dev_latency': 2.5881391910751, 'req_rate': 0.9983743435343261}
DEBUG:urllib3.connectionpool:Starting new HTTP connection (1): 20.66.123.181:5000
DEBUG:urllib3.connectionpool:http://20.66.123.181:5000 "POST /client_stats HTTP/1.1" 204 0
INFO:root:2022-07-20 17:37:52.563010 controller reply to user stats : 
INFO:root:empty resp
INFO:root:sent ping 2022-07-20 17:37:53.189377
INFO:root:2022-07-20 17:37:53.194185Got pong from server
INFO:root:latency :: 0.00518798828125
INFO:root:sent ping 2022-07-20 17:37:54.190878
INFO:root:2022-07-20 17:37:54.194886Got pong from server
INFO:root:latency :: 0.004285335540771484
INFO:root:sent ping 2022-07-20 17:37:55.192385
INFO:root:2022-07-20 17:37:55.198760Got pong from server
INFO:root:latency :: 0.006680965423583984
INFO:root:sent ping 2022-07-20 17:37:56.193794
INFO:root:2022-07-20 17:37:56.197429Got pong from server
INFO:root:latency :: 0.003864288330078125
INFO:root:sent ping 2022-07-20 17:37:57.196516
INFO:root:2022-07-20 17:37:57.201023Got pong from server
INFO:root:latency :: 0.004757881164550781
INFO:root:sent ping 2022-07-20 17:37:58.197930
INFO:root:2022-07-20 17:37:58.201872Got pong from server
INFO:root:latency :: 0.004168272018432617
INFO:root:sent ping 2022-07-20 17:37:59.199323
INFO:root:2022-07-20 17:37:59.203008Got pong from server
INFO:root:latency :: 0.00394129753112793
INFO:root:sent ping 2022-07-20 17:38:00.200904
INFO:root:2022-07-20 17:38:00.206089Got pong from server
INFO:root:latency :: 0.005508899688720703
INFO:root:sent ping 2022-07-20 17:38:01.202386
INFO:root:2022-07-20 17:38:01.206002Got pong from server
INFO:root:latency :: 0.003932476043701172
INFO:root:sent ping 2022-07-20 17:38:02.203946
INFO:root:2022-07-20 17:38:02.209792Got pong from server
INFO:root:latency :: 0.006127595901489258
INFO:root:sent ping 2022-07-20 17:38:03.204776
INFO:root:2022-07-20 17:38:03.209041Got pong from server
INFO:root:latency :: 0.004544496536254883
INFO:root:sent ping 2022-07-20 17:38:04.206261
INFO:root:2022-07-20 17:38:04.214418Got pong from server
INFO:root:latency :: 0.008544921875
INFO:root:sent ping 2022-07-20 17:38:05.207787
INFO:root:2022-07-20 17:38:05.211276Got pong from server
INFO:root:latency :: 0.0037963390350341797
INFO:root:sent ping 2022-07-20 17:38:06.209283
INFO:root:2022-07-20 17:38:06.214109Got pong from server
INFO:root:latency :: 0.005103111267089844
INFO:root:sent ping 2022-07-20 17:38:07.210836
INFO:root:2022-07-20 17:38:07.215810Got pong from server
INFO:root:latency :: 0.005236387252807617
INFO:root:sent ping 2022-07-20 17:38:08.212458
INFO:root:2022-07-20 17:38:08.217912Got pong from server
INFO:root:latency :: 0.0058591365814208984
INFO:root:sent ping 2022-07-20 17:38:09.213917
INFO:root:2022-07-20 17:38:09.218614Got pong from server
INFO:root:latency :: 0.004997730255126953
INFO:root:sent ping 2022-07-20 17:38:10.215400
INFO:root:2022-07-20 17:38:10.221920Got pong from server
INFO:root:latency :: 0.007214546203613281
INFO:root:sent ping 2022-07-20 17:38:11.216847
INFO:root:2022-07-20 17:38:11.224622Got pong from server
INFO:root:latency :: 0.008104324340820312
INFO:root:sent ping 2022-07-20 17:38:12.218310
INFO:root:2022-07-20 17:38:12.223481Got pong from server
INFO:root:latency :: 0.005687236785888672
INFO:root:sent ping 2022-07-20 17:38:13.219854
INFO:root:2022-07-20 17:38:13.226130Got pong from server
INFO:root:latency :: 0.006554126739501953
INFO:root:sent ping 2022-07-20 17:38:14.221426
INFO:root:2022-07-20 17:38:14.225781Got pong from server
INFO:root:latency :: 0.004662275314331055
INFO:root:sent ping 2022-07-20 17:38:15.222946
INFO:root:2022-07-20 17:38:15.229093Got pong from server
INFO:root:latency :: 0.006494283676147461
INFO:root:sent ping 2022-07-20 17:38:16.224458
INFO:root:2022-07-20 17:38:16.229149Got pong from server
INFO:root:latency :: 0.005003690719604492
INFO:root:sent ping 2022-07-20 17:38:17.226032
INFO:root:2022-07-20 17:38:17.230139Got pong from server
INFO:root:latency :: 0.004375457763671875
INFO:root:sent ping 2022-07-20 17:38:18.227495
INFO:root:2022-07-20 17:38:18.236697Got pong from server
INFO:root:latency :: 0.009592056274414062
INFO:root:sent ping 2022-07-20 17:38:19.228931
INFO:root:2022-07-20 17:38:19.235591Got pong from server
INFO:root:latency :: 0.006925344467163086
INFO:root:sent ping 2022-07-20 17:38:20.230419
INFO:root:2022-07-20 17:38:20.236428Got pong from server
INFO:root:latency :: 0.006367921829223633
INFO:root:sent ping 2022-07-20 17:38:21.231904
INFO:root:2022-07-20 17:38:21.244494Got pong from server
INFO:root:latency :: 0.012916803359985352
INFO:root:sent ping 2022-07-20 17:38:22.233580
INFO:root:2022-07-20 17:38:22.247986Got pong from server
INFO:root:latency :: 0.015015840530395508
INFO:root:sent ping 2022-07-20 17:38:23.235122
INFO:root:2022-07-20 17:38:23.238891Got pong from server
INFO:root:latency :: 0.004160165786743164
INFO:root:{'mean_latency': 6.116490210256269, 'std_dev_latency': 2.515219191544194, 'req_rate': 1.0105558412840812}
DEBUG:urllib3.connectionpool:Starting new HTTP connection (1): 20.66.123.181:5000
DEBUG:urllib3.connectionpool:http://20.66.123.181:5000 "POST /client_stats HTTP/1.1" 204 0
INFO:root:2022-07-20 17:38:23.624141 controller reply to user stats : 
INFO:root:empty resp
INFO:root:sent ping 2022-07-20 17:38:24.236174
INFO:root:2022-07-20 17:38:24.240834Got pong from server
INFO:root:latency :: 0.004923105239868164
INFO:root:sent ping 2022-07-20 17:38:25.237769
INFO:root:2022-07-20 17:38:25.243919Got pong from server
INFO:root:latency :: 0.006451129913330078
INFO:root:sent ping 2022-07-20 17:38:26.239468
INFO:root:2022-07-20 17:38:26.243166Got pong from server
INFO:root:latency :: 0.004041194915771484
INFO:root:sent ping 2022-07-20 17:38:27.241519
INFO:root:2022-07-20 17:38:27.246030Got pong from server
INFO:root:latency :: 0.004857540130615234
INFO:root:sent ping 2022-07-20 17:38:28.242941
INFO:root:2022-07-20 17:38:28.247709Got pong from server
INFO:root:latency :: 0.005048274993896484
INFO:root:sent ping 2022-07-20 17:38:29.244535
INFO:root:2022-07-20 17:38:29.251157Got pong from server
INFO:root:latency :: 0.007150411605834961
INFO:root:sent ping 2022-07-20 17:38:30.246113
INFO:root:2022-07-20 17:38:30.249924Got pong from server
INFO:root:latency :: 0.004117727279663086
INFO:root:sent ping 2022-07-20 17:38:31.247595
INFO:root:2022-07-20 17:38:31.252859Got pong from server
INFO:root:latency :: 0.005560398101806641
INFO:root:sent ping 2022-07-20 17:38:32.249056
INFO:root:2022-07-20 17:38:32.253593Got pong from server
INFO:root:latency :: 0.004835367202758789
INFO:root:sent ping 2022-07-20 17:38:33.250519
INFO:root:2022-07-20 17:38:33.255377Got pong from server
INFO:root:latency :: 0.005107879638671875
INFO:root:sent ping 2022-07-20 17:38:34.252034
INFO:root:2022-07-20 17:38:34.261125Got pong from server
INFO:root:latency :: 0.009409904479980469
INFO:root:sent ping 2022-07-20 17:38:35.253541
INFO:root:2022-07-20 17:38:35.263151Got pong from server
INFO:root:latency :: 0.009922266006469727
INFO:root:sent ping 2022-07-20 17:38:36.255010
INFO:root:2022-07-20 17:38:36.260420Got pong from server
INFO:root:latency :: 0.005693197250366211
INFO:root:sent ping 2022-07-20 17:38:37.256551
INFO:root:2022-07-20 17:38:37.260683Got pong from server
INFO:root:latency :: 0.004413604736328125
INFO:root:sent ping 2022-07-20 17:38:38.257982
INFO:root:2022-07-20 17:38:38.262766Got pong from server
INFO:root:latency :: 0.005362987518310547
INFO:root:sent ping 2022-07-20 17:38:39.259561
INFO:root:2022-07-20 17:38:39.269387Got pong from server
INFO:root:latency :: 0.010143280029296875
INFO:root:sent ping 2022-07-20 17:38:40.261161
INFO:root:2022-07-20 17:38:40.265213Got pong from server
INFO:root:latency :: 0.0045206546783447266
INFO:root:sent ping 2022-07-20 17:38:41.262653
INFO:root:2022-07-20 17:38:41.267579Got pong from server
INFO:root:latency :: 0.005187511444091797
INFO:root:sent ping 2022-07-20 17:38:42.264081
INFO:root:2022-07-20 17:38:42.272105Got pong from server
INFO:root:latency :: 0.008318662643432617
INFO:root:sent ping 2022-07-20 17:38:43.265566
INFO:root:2022-07-20 17:38:43.269636Got pong from server
INFO:root:latency :: 0.0048236846923828125
INFO:root:sent ping 2022-07-20 17:38:44.267147
INFO:root:2022-07-20 17:38:44.271410Got pong from server
INFO:root:latency :: 0.004535198211669922
INFO:root:sent ping 2022-07-20 17:38:45.268982
INFO:root:2022-07-20 17:38:45.272690Got pong from server
INFO:root:latency :: 0.004058122634887695
INFO:root:sent ping 2022-07-20 17:38:46.270405
INFO:root:2022-07-20 17:38:46.274684Got pong from server
INFO:root:latency :: 0.0045812129974365234
INFO:root:sent ping 2022-07-20 17:38:47.271961
INFO:root:2022-07-20 17:38:47.278470Got pong from server
INFO:root:latency :: 0.006936550140380859
INFO:root:sent ping 2022-07-20 17:38:48.273387
INFO:root:2022-07-20 17:38:48.277829Got pong from server
INFO:root:latency :: 0.004740238189697266
INFO:root:sent ping 2022-07-20 17:38:49.274821
INFO:root:2022-07-20 17:38:49.284732Got pong from server
INFO:root:latency :: 0.010181427001953125
INFO:root:sent ping 2022-07-20 17:38:50.276271
INFO:root:2022-07-20 17:38:50.280759Got pong from server
INFO:root:latency :: 0.004800558090209961
INFO:root:sent ping 2022-07-20 17:38:51.277755
INFO:root:2022-07-20 17:38:51.282893Got pong from server
INFO:root:latency :: 0.005396366119384766
INFO:root:sent ping 2022-07-20 17:38:52.279254
INFO:root:2022-07-20 17:38:52.284687Got pong from server
INFO:root:latency :: 0.005733013153076172
INFO:root:sent ping 2022-07-20 17:38:53.280805
INFO:root:2022-07-20 17:38:53.284486Got pong from server
INFO:root:latency :: 0.003954648971557617
INFO:root:sent ping 2022-07-20 17:38:54.282247
INFO:root:2022-07-20 17:38:54.287708Got pong from server
INFO:root:latency :: 0.005749940872192383
INFO:root:{'mean_latency': 5.824388996247323, 'std_dev_latency': 1.8357448317179361, 'req_rate': 1.0109648229505643}
DEBUG:urllib3.connectionpool:Starting new HTTP connection (1): 20.66.123.181:5000
DEBUG:urllib3.connectionpool:http://20.66.123.181:5000 "POST /client_stats HTTP/1.1" 204 0
INFO:root:2022-07-20 17:38:54.649446 controller reply to user stats : 
INFO:root:empty resp
INFO:root:sent ping 2022-07-20 17:38:55.283400
INFO:root:2022-07-20 17:38:55.287078Got pong from server
INFO:root:latency :: 0.0039751529693603516
INFO:root:sent ping 2022-07-20 17:38:56.284861
INFO:root:2022-07-20 17:38:56.288754Got pong from server
INFO:root:latency :: 0.004203319549560547
INFO:root:sent ping 2022-07-20 17:38:57.286313
INFO:root:2022-07-20 17:38:57.292202Got pong from server
INFO:root:latency :: 0.0062694549560546875
INFO:root:sent ping 2022-07-20 17:38:58.287767
INFO:root:2022-07-20 17:38:58.292572Got pong from server
INFO:root:latency :: 0.005041837692260742
INFO:root:sent ping 2022-07-20 17:38:59.289306
INFO:root:2022-07-20 17:38:59.299139Got pong from server
INFO:root:latency :: 0.010139703750610352
INFO:root:sent ping 2022-07-20 17:39:00.290827
INFO:root:2022-07-20 17:39:00.299525Got pong from server
INFO:root:latency :: 0.009010791778564453
INFO:root:sent ping 2022-07-20 17:39:01.292275
INFO:root:2022-07-20 17:39:01.296934Got pong from server
INFO:root:latency :: 0.004927873611450195
INFO:root:sent ping 2022-07-20 17:39:02.293780
INFO:root:2022-07-20 17:39:02.299611Got pong from server
INFO:root:latency :: 0.006107807159423828
INFO:root:sent ping 2022-07-20 17:39:03.295275
INFO:root:2022-07-20 17:39:03.300834Got pong from server
INFO:root:latency :: 0.0060269832611083984
INFO:root:sent ping 2022-07-20 17:39:04.296768
INFO:root:2022-07-20 17:39:04.302151Got pong from server
INFO:root:latency :: 0.005684852600097656
INFO:root:sent ping 2022-07-20 17:39:05.298245
INFO:root:2022-07-20 17:39:05.311143Got pong from server
INFO:root:latency :: 0.013167142868041992
INFO:root:sent ping 2022-07-20 17:39:06.299780
INFO:root:2022-07-20 17:39:06.305079Got pong from server
INFO:root:latency :: 0.005615949630737305
INFO:root:sent ping 2022-07-20 17:39:07.301451
INFO:root:2022-07-20 17:39:07.306402Got pong from server
INFO:root:latency :: 0.0052509307861328125
INFO:root:sent ping 2022-07-20 17:39:08.302994
INFO:root:2022-07-20 17:39:08.308910Got pong from server
INFO:root:latency :: 0.006245613098144531
INFO:root:sent ping 2022-07-20 17:39:09.304480
INFO:root:2022-07-20 17:39:09.310068Got pong from server
INFO:root:latency :: 0.005880117416381836
INFO:root:sent ping 2022-07-20 17:39:10.306015
INFO:root:2022-07-20 17:39:10.309816Got pong from server
INFO:root:latency :: 0.004151344299316406
INFO:root:sent ping 2022-07-20 17:39:11.307505
INFO:root:2022-07-20 17:39:11.312843Got pong from server
INFO:root:latency :: 0.005671977996826172
INFO:root:sent ping 2022-07-20 17:39:12.308865
INFO:root:2022-07-20 17:39:12.312763Got pong from server
INFO:root:latency :: 0.004162311553955078
INFO:root:sent ping 2022-07-20 17:39:13.310312
INFO:root:2022-07-20 17:39:13.316371Got pong from server
INFO:root:latency :: 0.006308078765869141
INFO:root:sent ping 2022-07-20 17:39:14.311753
INFO:root:2022-07-20 17:39:14.318630Got pong from server
INFO:root:latency :: 0.007124662399291992
INFO:root:sent ping 2022-07-20 17:39:15.313569
INFO:root:2022-07-20 17:39:15.318204Got pong from server
INFO:root:latency :: 0.004986763000488281
INFO:root:sent ping 2022-07-20 17:39:16.318768
INFO:root:2022-07-20 17:39:16.324478Got pong from server
INFO:root:latency :: 0.005982637405395508
INFO:root:sent ping 2022-07-20 17:39:17.320147
INFO:root:2022-07-20 17:39:17.326372Got pong from server
INFO:root:latency :: 0.0064661502838134766
INFO:root:sent ping 2022-07-20 17:39:18.321692
INFO:root:2022-07-20 17:39:18.326023Got pong from server
INFO:root:latency :: 0.004674434661865234
INFO:root:sent ping 2022-07-20 17:39:19.323137
INFO:root:2022-07-20 17:39:19.333647Got pong from server
INFO:root:latency :: 0.010736465454101562
INFO:root:sent ping 2022-07-20 17:39:20.324534
INFO:root:2022-07-20 17:39:20.330396Got pong from server
INFO:root:latency :: 0.0061376094818115234
INFO:root:sent ping 2022-07-20 17:39:21.326020
INFO:root:2022-07-20 17:39:21.331952Got pong from server
INFO:root:latency :: 0.00620579719543457
INFO:root:sent ping 2022-07-20 17:39:22.327458
INFO:root:2022-07-20 17:39:22.332696Got pong from server
INFO:root:latency :: 0.00559687614440918
INFO:root:sent ping 2022-07-20 17:39:23.328911
INFO:root:2022-07-20 17:39:23.333089Got pong from server
INFO:root:latency :: 0.004468441009521484
INFO:root:sent ping 2022-07-20 17:39:24.330404
INFO:root:2022-07-20 17:39:24.335870Got pong from server
INFO:root:latency :: 0.005827903747558594
INFO:root:sent ping 2022-07-20 17:39:25.331818
INFO:root:2022-07-20 17:39:25.336773Got pong from server
INFO:root:latency :: 0.005210161209106445
INFO:root:{'mean_latency': 6.169649862474011, 'std_dev_latency': 1.9996880143293598, 'req_rate': 1.0101821692268047}
DEBUG:urllib3.connectionpool:Starting new HTTP connection (1): 20.66.123.181:5000
DEBUG:urllib3.connectionpool:http://20.66.123.181:5000 "POST /client_stats HTTP/1.1" 204 0
INFO:root:2022-07-20 17:39:25.697677 controller reply to user stats : 
INFO:root:empty resp
INFO:root:sent ping 2022-07-20 17:39:26.332855
INFO:root:2022-07-20 17:39:26.336836Got pong from server
INFO:root:latency :: 0.0042705535888671875
INFO:root:sent ping 2022-07-20 17:39:27.334282
INFO:root:2022-07-20 17:39:27.339397Got pong from server
INFO:root:latency :: 0.005399942398071289
INFO:root:sent ping 2022-07-20 17:39:28.335862
INFO:root:2022-07-20 17:39:28.340712Got pong from server
INFO:root:latency :: 0.005110979080200195
INFO:root:sent ping 2022-07-20 17:39:29.337260
INFO:root:2022-07-20 17:39:29.341509Got pong from server
INFO:root:latency :: 0.004556417465209961
INFO:root:sent ping 2022-07-20 17:39:30.338925
INFO:root:2022-07-20 17:39:30.345512Got pong from server
INFO:root:latency :: 0.006906032562255859
INFO:root:sent ping 2022-07-20 17:39:31.340484
INFO:root:2022-07-20 17:39:31.347895Got pong from server
INFO:root:latency :: 0.007761478424072266
INFO:root:sent ping 2022-07-20 17:39:32.341894
INFO:root:2022-07-20 17:39:32.348264Got pong from server
INFO:root:latency :: 0.006668567657470703
INFO:root:sent ping 2022-07-20 17:39:33.343428
INFO:root:2022-07-20 17:39:33.349151Got pong from server
INFO:root:latency :: 0.006062507629394531
INFO:root:sent ping 2022-07-20 17:39:34.344841
INFO:root:2022-07-20 17:39:34.349985Got pong from server
INFO:root:latency :: 0.005379199981689453
INFO:root:sent ping 2022-07-20 17:39:35.346292
INFO:root:2022-07-20 17:39:35.351772Got pong from server
INFO:root:latency :: 0.005769968032836914
INFO:root:sent ping 2022-07-20 17:39:36.347680
INFO:root:2022-07-20 17:39:36.352558Got pong from server
INFO:root:latency :: 0.00510406494140625
INFO:root:sent ping 2022-07-20 17:39:37.349059
INFO:root:2022-07-20 17:39:37.353213Got pong from server
INFO:root:latency :: 0.004523038864135742
INFO:root:sent ping 2022-07-20 17:39:38.350811
INFO:root:2022-07-20 17:39:38.392196Got pong from server
INFO:root:latency :: 0.04212212562561035
INFO:root:sent ping 2022-07-20 17:39:39.352235
INFO:root:2022-07-20 17:39:39.356834Got pong from server
INFO:root:latency :: 0.004891633987426758
INFO:root:sent ping 2022-07-20 17:39:40.353819
INFO:root:2022-07-20 17:39:40.359167Got pong from server
INFO:root:latency :: 0.005696296691894531
INFO:root:sent ping 2022-07-20 17:39:41.355464
INFO:root:2022-07-20 17:39:41.363093Got pong from server
INFO:root:latency :: 0.00794363021850586
INFO:root:sent ping 2022-07-20 17:39:42.356957
INFO:root:2022-07-20 17:39:42.363147Got pong from server
INFO:root:latency :: 0.006463289260864258
INFO:root:sent ping 2022-07-20 17:39:43.358497
INFO:root:2022-07-20 17:39:43.363183Got pong from server
INFO:root:latency :: 0.00500941276550293
INFO:root:sent ping 2022-07-20 17:39:44.359885
INFO:root:2022-07-20 17:39:44.366411Got pong from server
INFO:root:latency :: 0.006845712661743164
INFO:root:sent ping 2022-07-20 17:39:45.361377
INFO:root:2022-07-20 17:39:45.366199Got pong from server
INFO:root:latency :: 0.0051496028900146484
INFO:root:sent ping 2022-07-20 17:39:46.362787
INFO:root:2022-07-20 17:39:46.369636Got pong from server
INFO:root:latency :: 0.0071375370025634766
INFO:root:sent ping 2022-07-20 17:39:47.364203
INFO:root:2022-07-20 17:39:47.369735Got pong from server
INFO:root:latency :: 0.005804300308227539
INFO:root:sent ping 2022-07-20 17:39:48.366001
INFO:root:2022-07-20 17:39:48.371789Got pong from server
INFO:root:latency :: 0.006124734878540039
INFO:root:sent ping 2022-07-20 17:39:49.367481
INFO:root:2022-07-20 17:39:49.372405Got pong from server
INFO:root:latency :: 0.005263328552246094
INFO:root:sent ping 2022-07-20 17:39:50.368960
INFO:root:2022-07-20 17:39:50.375652Got pong from server
INFO:root:latency :: 0.00699305534362793
INFO:root:sent ping 2022-07-20 17:39:51.370465
INFO:root:2022-07-20 17:39:51.378855Got pong from server
INFO:root:latency :: 0.008802175521850586
INFO:root:sent ping 2022-07-20 17:39:52.371908
INFO:root:2022-07-20 17:39:52.376771Got pong from server
INFO:root:latency :: 0.00513911247253418
INFO:root:sent ping 2022-07-20 17:39:53.373382
INFO:root:2022-07-20 17:39:53.380588Got pong from server
INFO:root:latency :: 0.0077702999114990234
INFO:root:sent ping 2022-07-20 17:39:54.374787
INFO:root:2022-07-20 17:39:54.381372Got pong from server
INFO:root:latency :: 0.0068280696868896484
INFO:root:sent ping 2022-07-20 17:39:55.376253
INFO:root:2022-07-20 17:39:55.386722Got pong from server
INFO:root:latency :: 0.010789871215820312
INFO:root:sent ping 2022-07-20 17:39:56.377773
INFO:root:2022-07-20 17:39:56.390698Got pong from server
INFO:root:latency :: 0.013260602951049805
INFO:root:{'mean_latency': 7.598307824903919, 'std_dev_latency': 6.570510102687799, 'req_rate': 1.0099928085931487}
DEBUG:urllib3.connectionpool:Starting new HTTP connection (1): 20.66.123.181:5000
DEBUG:urllib3.connectionpool:http://20.66.123.181:5000 "POST /client_stats HTTP/1.1" 204 0
INFO:root:2022-07-20 17:39:56.769559 controller reply to user stats : 
INFO:root:empty resp
INFO:root:sent ping 2022-07-20 17:39:57.378883
INFO:root:2022-07-20 17:39:57.386673Got pong from server
INFO:root:latency :: 0.008058547973632812
INFO:root:sent ping 2022-07-20 17:39:58.380381
INFO:root:2022-07-20 17:39:58.384047Got pong from server
INFO:root:latency :: 0.003971576690673828
INFO:root:sent ping 2022-07-20 17:39:59.381822
INFO:root:2022-07-20 17:39:59.386913Got pong from server
INFO:root:latency :: 0.005425453186035156
INFO:root:sent ping 2022-07-20 17:40:00.383359
INFO:root:2022-07-20 17:40:00.389263Got pong from server
INFO:root:latency :: 0.0062716007232666016
INFO:root:sent ping 2022-07-20 17:40:01.384848
INFO:root:2022-07-20 17:40:01.388761Got pong from server
INFO:root:latency :: 0.004205226898193359
INFO:root:sent ping 2022-07-20 17:40:02.386293
INFO:root:2022-07-20 17:40:02.393766Got pong from server
INFO:root:latency :: 0.007775545120239258
INFO:root:sent ping 2022-07-20 17:40:03.387744
INFO:root:2022-07-20 17:40:03.392505Got pong from server
INFO:root:latency :: 0.005037784576416016
INFO:root:sent ping 2022-07-20 17:40:04.389557
INFO:root:2022-07-20 17:40:04.393650Got pong from server
INFO:root:latency :: 0.004382610321044922
INFO:root:sent ping 2022-07-20 17:40:05.391048
INFO:root:2022-07-20 17:40:05.402873Got pong from server
INFO:root:latency :: 0.012115240097045898
INFO:root:sent ping 2022-07-20 17:40:06.392507
INFO:root:2022-07-20 17:40:06.396672Got pong from server
INFO:root:latency :: 0.0044329166412353516
INFO:root:sent ping 2022-07-20 17:40:07.393958
INFO:root:2022-07-20 17:40:07.398146Got pong from server
INFO:root:latency :: 0.004419803619384766
INFO:root:sent ping 2022-07-20 17:40:08.395490
INFO:root:2022-07-20 17:40:08.400142Got pong from server
INFO:root:latency :: 0.004899501800537109
INFO:root:sent ping 2022-07-20 17:40:09.396946
INFO:root:2022-07-20 17:40:09.400985Got pong from server
INFO:root:latency :: 0.004379987716674805
INFO:root:sent ping 2022-07-20 17:40:10.398501
INFO:root:2022-07-20 17:40:10.409065Got pong from server
INFO:root:latency :: 0.010884761810302734
INFO:root:sent ping 2022-07-20 17:40:11.399981
INFO:root:2022-07-20 17:40:11.404665Got pong from server
INFO:root:latency :: 0.005008220672607422
INFO:root:sent ping 2022-07-20 17:40:12.401513
INFO:root:2022-07-20 17:40:12.405785Got pong from server
INFO:root:latency :: 0.004527568817138672
INFO:root:sent ping 2022-07-20 17:40:13.402934
INFO:root:2022-07-20 17:40:13.407783Got pong from server
INFO:root:latency :: 0.005106449127197266
INFO:root:sent ping 2022-07-20 17:40:14.404424
INFO:root:2022-07-20 17:40:14.409951Got pong from server
INFO:root:latency :: 0.005811214447021484
INFO:root:sent ping 2022-07-20 17:40:15.406034
INFO:root:2022-07-20 17:40:15.411872Got pong from server
INFO:root:latency :: 0.006112575531005859
INFO:root:sent ping 2022-07-20 17:40:16.407558
INFO:root:2022-07-20 17:40:16.413724Got pong from server
INFO:root:latency :: 0.006440639495849609
INFO:root:sent ping 2022-07-20 17:40:17.408977
INFO:root:2022-07-20 17:40:17.415286Got pong from server
INFO:root:latency :: 0.006593227386474609
INFO:root:sent ping 2022-07-20 17:40:18.410378
INFO:root:2022-07-20 17:40:18.417312Got pong from server
INFO:root:latency :: 0.0072553157806396484
INFO:root:sent ping 2022-07-20 17:40:19.411765
INFO:root:2022-07-20 17:40:19.416556Got pong from server
INFO:root:latency :: 0.005023956298828125
INFO:root:sent ping 2022-07-20 17:40:20.413234
INFO:root:2022-07-20 17:40:20.417695Got pong from server
INFO:root:latency :: 0.0047245025634765625
INFO:root:sent ping 2022-07-20 17:40:21.415041
INFO:root:2022-07-20 17:40:21.419696Got pong from server
INFO:root:latency :: 0.005015134811401367
INFO:root:sent ping 2022-07-20 17:40:22.416999
INFO:root:2022-07-20 17:40:22.420837Got pong from server
INFO:root:latency :: 0.0041315555572509766
INFO:root:sent ping 2022-07-20 17:40:23.418479
INFO:root:2022-07-20 17:40:23.426216Got pong from server
INFO:root:latency :: 0.00807642936706543
INFO:root:sent ping 2022-07-20 17:40:24.420232
INFO:root:2022-07-20 17:40:24.425597Got pong from server
INFO:root:latency :: 0.005665779113769531
INFO:root:sent ping 2022-07-20 17:40:25.421736
INFO:root:2022-07-20 17:40:25.426047Got pong from server
INFO:root:latency :: 0.004527091979980469
INFO:root:sent ping 2022-07-20 17:40:26.423234
INFO:root:2022-07-20 17:40:26.428707Got pong from server
INFO:root:latency :: 0.005731105804443359
INFO:root:sent ping 2022-07-20 17:40:27.424699
INFO:root:2022-07-20 17:40:27.432112Got pong from server
INFO:root:latency :: 0.007682323455810547
INFO:root:{'mean_latency': 5.925601528536889, 'std_dev_latency': 1.8939761019738894, 'req_rate': 1.010997272159838}
DEBUG:urllib3.connectionpool:Starting new HTTP connection (1): 20.66.123.181:5000
DEBUG:urllib3.connectionpool:http://20.66.123.181:5000 "POST /client_stats HTTP/1.1" 204 0
INFO:root:2022-07-20 17:40:27.812148 controller reply to user stats : 
INFO:root:empty resp
INFO:root:sent ping 2022-07-20 17:40:28.425730
INFO:root:2022-07-20 17:40:28.432638Got pong from server
INFO:root:latency :: 0.007144927978515625
INFO:root:sent ping 2022-07-20 17:40:29.427153
INFO:root:2022-07-20 17:40:29.432871Got pong from server
INFO:root:latency :: 0.005998134613037109
INFO:root:sent ping 2022-07-20 17:40:30.428644
INFO:root:2022-07-20 17:40:30.433224Got pong from server
INFO:root:latency :: 0.004804134368896484
INFO:root:sent ping 2022-07-20 17:40:31.430003
INFO:root:2022-07-20 17:40:31.434150Got pong from server
INFO:root:latency :: 0.004383087158203125
INFO:root:sent ping 2022-07-20 17:40:32.431473
INFO:root:2022-07-20 17:40:32.435620Got pong from server
INFO:root:latency :: 0.004471302032470703
INFO:root:sent ping 2022-07-20 17:40:33.432969
INFO:root:2022-07-20 17:40:33.443279Got pong from server
INFO:root:latency :: 0.010615825653076172
INFO:root:sent ping 2022-07-20 17:40:34.434474
INFO:root:2022-07-20 17:40:34.438804Got pong from server
INFO:root:latency :: 0.00471949577331543
INFO:root:sent ping 2022-07-20 17:40:35.435881
INFO:root:2022-07-20 17:40:35.444878Got pong from server
INFO:root:latency :: 0.009243249893188477
INFO:root:sent ping 2022-07-20 17:40:36.437259
INFO:root:2022-07-20 17:40:36.442918Got pong from server
INFO:root:latency :: 0.0058667659759521484
INFO:root:sent ping 2022-07-20 17:40:37.438765
INFO:root:2022-07-20 17:40:37.443620Got pong from server
INFO:root:latency :: 0.005102634429931641
INFO:root:sent ping 2022-07-20 17:40:38.440255
INFO:root:2022-07-20 17:40:38.446274Got pong from server
INFO:root:latency :: 0.00635981559753418
INFO:root:sent ping 2022-07-20 17:40:39.441757
INFO:root:2022-07-20 17:40:39.448469Got pong from server
INFO:root:latency :: 0.007082223892211914
INFO:root:sent ping 2022-07-20 17:40:40.443221
INFO:root:2022-07-20 17:40:40.447472Got pong from server
INFO:root:latency :: 0.004534244537353516
INFO:root:sent ping 2022-07-20 17:40:41.444647
INFO:root:2022-07-20 17:40:41.449976Got pong from server
INFO:root:latency :: 0.005577564239501953
INFO:root:sent ping 2022-07-20 17:40:42.446001
INFO:root:2022-07-20 17:40:42.451065Got pong from server
INFO:root:latency :: 0.005280017852783203
INFO:root:sent ping 2022-07-20 17:40:43.447435
INFO:root:2022-07-20 17:40:43.453979Got pong from server
INFO:root:latency :: 0.006859779357910156
INFO:root:sent ping 2022-07-20 17:40:44.448878
INFO:root:2022-07-20 17:40:44.459757Got pong from server
INFO:root:latency :: 0.011147499084472656
INFO:root:sent ping 2022-07-20 17:40:45.450425
INFO:root:2022-07-20 17:40:45.455802Got pong from server
INFO:root:latency :: 0.00644373893737793
INFO:root:sent ping 2022-07-20 17:40:46.451864
INFO:root:2022-07-20 17:40:46.458432Got pong from server
INFO:root:latency :: 0.006838321685791016
INFO:root:sent ping 2022-07-20 17:40:47.453370
INFO:root:2022-07-20 17:40:47.458376Got pong from server
INFO:root:latency :: 0.005445718765258789
INFO:root:sent ping 2022-07-20 17:40:48.454914
INFO:root:2022-07-20 17:40:48.463463Got pong from server
INFO:root:latency :: 0.008905410766601562
INFO:root:sent ping 2022-07-20 17:40:49.456356
INFO:root:2022-07-20 17:40:49.461897Got pong from server
INFO:root:latency :: 0.005799293518066406
INFO:root:sent ping 2022-07-20 17:40:50.457740
INFO:root:2022-07-20 17:40:50.468134Got pong from server
INFO:root:latency :: 0.01069951057434082
INFO:root:sent ping 2022-07-20 17:40:51.459261
INFO:root:2022-07-20 17:40:51.464700Got pong from server
INFO:root:latency :: 0.005736351013183594
INFO:root:sent ping 2022-07-20 17:40:52.460779
INFO:root:2022-07-20 17:40:52.464956Got pong from server
INFO:root:latency :: 0.0044214725494384766
INFO:root:sent ping 2022-07-20 17:40:53.462251
INFO:root:2022-07-20 17:40:53.469725Got pong from server
INFO:root:latency :: 0.007982254028320312
INFO:root:sent ping 2022-07-20 17:40:54.463718
INFO:root:2022-07-20 17:40:54.468847Got pong from server
INFO:root:latency :: 0.005395650863647461
INFO:root:sent ping 2022-07-20 17:40:55.465178
INFO:root:2022-07-20 17:40:55.469293Got pong from server
INFO:root:latency :: 0.0043811798095703125
INFO:root:sent ping 2022-07-20 17:40:56.466666
INFO:root:2022-07-20 17:40:56.471564Got pong from server
INFO:root:latency :: 0.005207538604736328
INFO:root:sent ping 2022-07-20 17:40:57.468122
INFO:root:2022-07-20 17:40:57.474741Got pong from server
INFO:root:latency :: 0.0069122314453125
INFO:root:sent ping 2022-07-20 17:40:58.469686
INFO:root:2022-07-20 17:40:58.473158Got pong from server
INFO:root:latency :: 0.003797292709350586
INFO:root:{'mean_latency': 6.359892506753245, 'std_dev_latency': 1.9419703297071045, 'req_rate': 1.0110462957975601}
DEBUG:urllib3.connectionpool:Starting new HTTP connection (1): 20.66.123.181:5000
DEBUG:urllib3.connectionpool:http://20.66.123.181:5000 "POST /client_stats HTTP/1.1" 204 0
INFO:root:2022-07-20 17:40:58.826838 controller reply to user stats : 
INFO:root:empty resp
INFO:root:sent ping 2022-07-20 17:40:59.470778
INFO:root:2022-07-20 17:40:59.474717Got pong from server
INFO:root:latency :: 0.004168033599853516
INFO:root:sent ping 2022-07-20 17:41:00.472171
INFO:root:2022-07-20 17:41:00.478282Got pong from server
INFO:root:latency :: 0.006480693817138672
INFO:root:sent ping 2022-07-20 17:41:01.473882
INFO:root:2022-07-20 17:41:01.479428Got pong from server
INFO:root:latency :: 0.006020545959472656
INFO:root:sent ping 2022-07-20 17:41:02.475286
INFO:root:2022-07-20 17:41:02.481060Got pong from server
INFO:root:latency :: 0.006045818328857422
INFO:root:sent ping 2022-07-20 17:41:03.476768
INFO:root:2022-07-20 17:41:03.482710Got pong from server
INFO:root:latency :: 0.00621342658996582
INFO:root:sent ping 2022-07-20 17:41:04.478214
INFO:root:2022-07-20 17:41:04.483136Got pong from server
INFO:root:latency :: 0.005162239074707031
INFO:root:sent ping 2022-07-20 17:41:05.479616
INFO:root:2022-07-20 17:41:05.483501Got pong from server
INFO:root:latency :: 0.004132509231567383
INFO:root:sent ping 2022-07-20 17:41:06.481049
INFO:root:2022-07-20 17:41:06.490965Got pong from server
INFO:root:latency :: 0.010170459747314453
INFO:root:sent ping 2022-07-20 17:41:07.482459
INFO:root:2022-07-20 17:41:07.487320Got pong from server
INFO:root:latency :: 0.005188465118408203
INFO:root:sent ping 2022-07-20 17:41:08.484957
INFO:root:2022-07-20 17:41:08.489918Got pong from server
INFO:root:latency :: 0.005257606506347656
INFO:root:sent ping 2022-07-20 17:41:09.486510
INFO:root:2022-07-20 17:41:09.491411Got pong from server
INFO:root:latency :: 0.005212306976318359
INFO:root:sent ping 2022-07-20 17:41:10.487942
INFO:root:2022-07-20 17:41:10.491710Got pong from server
INFO:root:latency :: 0.004081010818481445
INFO:root:sent ping 2022-07-20 17:41:11.489472
INFO:root:2022-07-20 17:41:11.494513Got pong from server
INFO:root:latency :: 0.0053253173828125
INFO:root:sent ping 2022-07-20 17:41:12.490907
INFO:root:2022-07-20 17:41:12.498740Got pong from server
INFO:root:latency :: 0.008074283599853516
INFO:root:sent ping 2022-07-20 17:41:13.492419
INFO:root:2022-07-20 17:41:13.499462Got pong from server
INFO:root:latency :: 0.007419109344482422
INFO:root:sent ping 2022-07-20 17:41:14.493846
INFO:root:2022-07-20 17:41:14.497536Got pong from server
INFO:root:latency :: 0.0039408206939697266
INFO:root:sent ping 2022-07-20 17:41:15.495256
INFO:root:2022-07-20 17:41:15.499831Got pong from server
INFO:root:latency :: 0.0048406124114990234
INFO:root:sent ping 2022-07-20 17:41:16.496734
INFO:root:2022-07-20 17:41:16.500861Got pong from server
INFO:root:latency :: 0.0043675899505615234
INFO:root:sent ping 2022-07-20 17:41:17.498110
INFO:root:2022-07-20 17:41:17.503051Got pong from server
INFO:root:latency :: 0.005199909210205078
INFO:root:sent ping 2022-07-20 17:41:18.499508
INFO:root:2022-07-20 17:41:18.505274Got pong from server
INFO:root:latency :: 0.006029844284057617
INFO:root:sent ping 2022-07-20 17:41:19.500919
INFO:root:2022-07-20 17:41:19.504784Got pong from server
INFO:root:latency :: 0.00416254997253418
INFO:root:sent ping 2022-07-20 17:41:20.502454
INFO:root:2022-07-20 17:41:20.506640Got pong from server
INFO:root:latency :: 0.004457712173461914
INFO:root:sent ping 2022-07-20 17:41:21.503914
INFO:root:2022-07-20 17:41:21.508731Got pong from server
INFO:root:latency :: 0.005105733871459961
INFO:root:sent ping 2022-07-20 17:41:22.504682
INFO:root:2022-07-20 17:41:22.509977Got pong from server
INFO:root:latency :: 0.005582094192504883
INFO:root:sent ping 2022-07-20 17:41:23.506795
INFO:root:2022-07-20 17:41:23.512375Got pong from server
INFO:root:latency :: 0.005975961685180664
INFO:root:sent ping 2022-07-20 17:41:24.508200
INFO:root:2022-07-20 17:41:24.515213Got pong from server
INFO:root:latency :: 0.00740504264831543
INFO:root:sent ping 2022-07-20 17:41:25.509718
INFO:root:2022-07-20 17:41:25.514732Got pong from server
INFO:root:latency :: 0.005295753479003906
INFO:root:sent ping 2022-07-20 17:41:26.511242
INFO:root:2022-07-20 17:41:26.515787Got pong from server
INFO:root:latency :: 0.004833698272705078
INFO:root:sent ping 2022-07-20 17:41:27.512773
INFO:root:2022-07-20 17:41:27.517627Got pong from server
INFO:root:latency :: 0.0051860809326171875
INFO:root:sent ping 2022-07-20 17:41:28.514250
INFO:root:2022-07-20 17:41:28.519518Got pong from server
INFO:root:latency :: 0.005571842193603516
INFO:root:sent ping 2022-07-20 17:41:29.515744
INFO:root:2022-07-20 17:41:29.525493Got pong from server
INFO:root:latency :: 0.010046243667602539
INFO:root:{'mean_latency': 5.708171475318171, 'std_dev_latency': 1.5190185907866876, 'req_rate': 1.0098073382293695}
DEBUG:urllib3.connectionpool:Starting new HTTP connection (1): 20.66.123.181:5000
DEBUG:urllib3.connectionpool:http://20.66.123.181:5000 "POST /client_stats HTTP/1.1" 204 0
INFO:root:2022-07-20 17:41:29.905145 controller reply to user stats : 
INFO:root:empty resp
INFO:root:sent ping 2022-07-20 17:41:30.516966
INFO:root:2022-07-20 17:41:30.522302Got pong from server
INFO:root:latency :: 0.005813121795654297
INFO:root:sent ping 2022-07-20 17:41:31.518764
INFO:root:2022-07-20 17:41:31.523997Got pong from server
INFO:root:latency :: 0.0055255889892578125
INFO:root:sent ping 2022-07-20 17:41:32.520415
INFO:root:2022-07-20 17:41:32.524457Got pong from server
INFO:root:latency :: 0.004320383071899414
INFO:root:sent ping 2022-07-20 17:41:33.521916
INFO:root:2022-07-20 17:41:33.531647Got pong from server
INFO:root:latency :: 0.009998798370361328
INFO:root:sent ping 2022-07-20 17:41:34.523490
INFO:root:2022-07-20 17:41:34.528654Got pong from server
INFO:root:latency :: 0.005543231964111328
INFO:root:sent ping 2022-07-20 17:41:35.524967
INFO:root:2022-07-20 17:41:35.529273Got pong from server
INFO:root:latency :: 0.0046236515045166016
INFO:root:sent ping 2022-07-20 17:41:36.526564
INFO:root:2022-07-20 17:41:36.531722Got pong from server
INFO:root:latency :: 0.0054852962493896484
INFO:root:sent ping 2022-07-20 17:41:37.528044
INFO:root:2022-07-20 17:41:37.532587Got pong from server
INFO:root:latency :: 0.00481724739074707
INFO:root:sent ping 2022-07-20 17:41:38.529523
INFO:root:2022-07-20 17:41:38.540852Got pong from server
INFO:root:latency :: 0.011589527130126953
INFO:root:sent ping 2022-07-20 17:41:39.530981
INFO:root:2022-07-20 17:41:39.535618Got pong from server
INFO:root:latency :: 0.004994392395019531
INFO:root:sent ping 2022-07-20 17:41:40.532564
INFO:root:2022-07-20 17:41:40.536579Got pong from server
INFO:root:latency :: 0.004262685775756836
INFO:root:sent ping 2022-07-20 17:41:41.534079
INFO:root:2022-07-20 17:41:41.544544Got pong from server
INFO:root:latency :: 0.010776519775390625
INFO:root:sent ping 2022-07-20 17:41:42.535671
INFO:root:2022-07-20 17:41:42.542450Got pong from server
INFO:root:latency :: 0.007081508636474609
INFO:root:sent ping 2022-07-20 17:41:43.537154
INFO:root:2022-07-20 17:41:43.541586Got pong from server
INFO:root:latency :: 0.0046999454498291016
INFO:root:sent ping 2022-07-20 17:41:44.538681
INFO:root:2022-07-20 17:41:44.542909Got pong from server
INFO:root:latency :: 0.004540920257568359
INFO:root:sent ping 2022-07-20 17:41:45.540179
INFO:root:2022-07-20 17:41:45.547737Got pong from server
INFO:root:latency :: 0.0078582763671875
INFO:root:sent ping 2022-07-20 17:41:46.541677
INFO:root:2022-07-20 17:41:46.549875Got pong from server
INFO:root:latency :: 0.008489608764648438
INFO:root:sent ping 2022-07-20 17:41:47.543189
INFO:root:2022-07-20 17:41:47.548005Got pong from server
INFO:root:latency :: 0.005124330520629883
INFO:root:sent ping 2022-07-20 17:41:48.544842
INFO:root:2022-07-20 17:41:48.548523Got pong from server
INFO:root:latency :: 0.0039768218994140625
INFO:root:sent ping 2022-07-20 17:41:49.546319
INFO:root:2022-07-20 17:41:49.551962Got pong from server
INFO:root:latency :: 0.005934476852416992
INFO:root:sent ping 2022-07-20 17:41:50.547846
INFO:root:2022-07-20 17:41:50.555072Got pong from server
INFO:root:latency :: 0.007498264312744141
INFO:root:sent ping 2022-07-20 17:41:51.549294
INFO:root:2022-07-20 17:41:51.553835Got pong from server
INFO:root:latency :: 0.0048024654388427734
