INFO:root:LAT : -23.55 LON : -46.633
DEBUG:urllib3.connectionpool:Starting new HTTP connection (1): 20.66.123.181:5000
DEBUG:urllib3.connectionpool:http://20.66.123.181:5000 "POST /client HTTP/1.1" 200 55
INFO:root:now =2022-07-20 17:28:22.350606
INFO:root:gc: 20.226.184.87 5002
INFO:root:Connecting to gc 2022-07-20 17:28:22.350745
INFO:root:connection established with game container 2022-07-20 17:28:22.361675
INFO:root:sent ping 2022-07-20 17:28:22.985894
INFO:root:Connection with gc done 2022-07-20 17:28:22.986321
INFO:root:2022-07-20 17:28:22.997093Got pong from server
INFO:root:latency :: 0.011533498764038086
INFO:root:sent ping 2022-07-20 17:28:23.987319
INFO:root:2022-07-20 17:28:23.998756Got pong from server
INFO:root:latency :: 0.011744260787963867
INFO:root:sent ping 2022-07-20 17:28:24.988956
INFO:root:2022-07-20 17:28:24.994165Got pong from server
INFO:root:latency :: 0.0054590702056884766
INFO:root:sent ping 2022-07-20 17:28:25.990543
INFO:root:2022-07-20 17:28:25.995056Got pong from server
INFO:root:latency :: 0.004803657531738281
INFO:root:sent ping 2022-07-20 17:28:26.992075
INFO:root:2022-07-20 17:28:26.997154Got pong from server
INFO:root:latency :: 0.005353212356567383
INFO:root:sent ping 2022-07-20 17:28:27.993608
INFO:root:2022-07-20 17:28:27.999611Got pong from server
INFO:root:latency :: 0.006388664245605469
INFO:root:sent ping 2022-07-20 17:28:28.995110
INFO:root:2022-07-20 17:28:29.000915Got pong from server
INFO:root:latency :: 0.006120443344116211
INFO:root:sent ping 2022-07-20 17:28:29.996579
INFO:root:2022-07-20 17:28:30.002206Got pong from server
INFO:root:latency :: 0.005956172943115234
INFO:root:sent ping 2022-07-20 17:28:30.998060
INFO:root:2022-07-20 17:28:31.002098Got pong from server
INFO:root:latency :: 0.004303455352783203
INFO:root:sent ping 2022-07-20 17:28:32.000568
INFO:root:2022-07-20 17:28:32.004770Got pong from server
INFO:root:latency :: 0.0046062469482421875
INFO:root:sent ping 2022-07-20 17:28:33.002068
INFO:root:2022-07-20 17:28:33.010893Got pong from server
INFO:root:latency :: 0.009129762649536133
INFO:root:sent ping 2022-07-20 17:28:34.003568
INFO:root:2022-07-20 17:28:34.009434Got pong from server
INFO:root:latency :: 0.006167888641357422
INFO:root:sent ping 2022-07-20 17:28:35.004673
INFO:root:2022-07-20 17:28:35.009887Got pong from server
INFO:root:latency :: 0.005471944808959961
INFO:root:sent ping 2022-07-20 17:28:36.006092
INFO:root:2022-07-20 17:28:36.010308Got pong from server
INFO:root:latency :: 0.004503011703491211
INFO:root:sent ping 2022-07-20 17:28:37.007554
INFO:root:2022-07-20 17:28:37.031748Got pong from server
INFO:root:latency :: 0.024568557739257812
INFO:root:sent ping 2022-07-20 17:28:38.009014
INFO:root:2022-07-20 17:28:38.012985Got pong from server
INFO:root:latency :: 0.004286289215087891
INFO:root:sent ping 2022-07-20 17:28:39.010562
INFO:root:2022-07-20 17:28:39.016473Got pong from server
INFO:root:latency :: 0.006223440170288086
INFO:root:sent ping 2022-07-20 17:28:40.012031
INFO:root:2022-07-20 17:28:40.018113Got pong from server
INFO:root:latency :: 0.006406068801879883
INFO:root:sent ping 2022-07-20 17:28:41.013511
INFO:root:2022-07-20 17:28:41.019124Got pong from server
INFO:root:latency :: 0.00589442253112793
INFO:root:sent ping 2022-07-20 17:28:42.015570
INFO:root:2022-07-20 17:28:42.022792Got pong from server
INFO:root:latency :: 0.008398294448852539
INFO:root:sent ping 2022-07-20 17:28:43.017039
INFO:root:2022-07-20 17:28:43.021996Got pong from server
INFO:root:latency :: 0.005227327346801758
INFO:root:sent ping 2022-07-20 17:28:44.018502
INFO:root:2022-07-20 17:28:44.025913Got pong from server
INFO:root:latency :: 0.0076906681060791016
INFO:root:sent ping 2022-07-20 17:28:45.019973
INFO:root:2022-07-20 17:28:45.025793Got pong from server
INFO:root:latency :: 0.0060880184173583984
INFO:root:sent ping 2022-07-20 17:28:46.021476
INFO:root:2022-07-20 17:28:46.026074Got pong from server
INFO:root:latency :: 0.005011081695556641
INFO:root:sent ping 2022-07-20 17:28:47.022990
INFO:root:2022-07-20 17:28:47.031712Got pong from server
INFO:root:latency :: 0.009070158004760742
INFO:root:sent ping 2022-07-20 17:28:48.024542
INFO:root:2022-07-20 17:28:48.030201Got pong from server
INFO:root:latency :: 0.005989551544189453
INFO:root:sent ping 2022-07-20 17:28:49.026995
INFO:root:2022-07-20 17:28:49.036853Got pong from server
INFO:root:latency :: 0.011103153228759766
INFO:root:sent ping 2022-07-20 17:28:50.028517
INFO:root:2022-07-20 17:28:50.033161Got pong from server
INFO:root:latency :: 0.004969596862792969
INFO:root:sent ping 2022-07-20 17:28:51.030003
INFO:root:2022-07-20 17:28:51.035630Got pong from server
INFO:root:latency :: 0.005924224853515625
INFO:root:sent ping 2022-07-20 17:28:52.031495
INFO:root:2022-07-20 17:28:52.036824Got pong from server
INFO:root:latency :: 0.005722999572753906
INFO:root:{'mean_latency': 7.1371714274088545, 'std_dev_latency': 3.8255920191570008, 'req_rate': 0.9980268467530123}
DEBUG:urllib3.connectionpool:Starting new HTTP connection (1): 20.66.123.181:5000
DEBUG:urllib3.connectionpool:http://20.66.123.181:5000 "POST /client_stats HTTP/1.1" 204 0
INFO:root:2022-07-20 17:28:52.419469 controller reply to user stats : 
INFO:root:empty resp
INFO:root:sent ping 2022-07-20 17:28:53.033070
INFO:root:2022-07-20 17:28:53.036876Got pong from server
INFO:root:latency :: 0.004155158996582031
INFO:root:sent ping 2022-07-20 17:28:54.034564
INFO:root:2022-07-20 17:28:54.039693Got pong from server
INFO:root:latency :: 0.0053863525390625
INFO:root:sent ping 2022-07-20 17:28:55.036036
INFO:root:2022-07-20 17:28:55.040858Got pong from server
INFO:root:latency :: 0.005119800567626953
INFO:root:sent ping 2022-07-20 17:28:56.037526
INFO:root:2022-07-20 17:28:56.043196Got pong from server
INFO:root:latency :: 0.0060007572174072266
INFO:root:sent ping 2022-07-20 17:28:57.039233
INFO:root:2022-07-20 17:28:57.045598Got pong from server
INFO:root:latency :: 0.0067975521087646484
INFO:root:sent ping 2022-07-20 17:28:58.040705
INFO:root:2022-07-20 17:28:58.044574Got pong from server
INFO:root:latency :: 0.004140615463256836
INFO:root:sent ping 2022-07-20 17:28:59.042167
INFO:root:2022-07-20 17:28:59.047642Got pong from server
INFO:root:latency :: 0.005736827850341797
INFO:root:sent ping 2022-07-20 17:29:00.043652
INFO:root:2022-07-20 17:29:00.051305Got pong from server
INFO:root:latency :: 0.008294820785522461
INFO:root:sent ping 2022-07-20 17:29:01.045275
INFO:root:2022-07-20 17:29:01.058038Got pong from server
INFO:root:latency :: 0.013177633285522461
INFO:root:sent ping 2022-07-20 17:29:02.046880
INFO:root:2022-07-20 17:29:02.052508Got pong from server
INFO:root:latency :: 0.006602048873901367
INFO:root:sent ping 2022-07-20 17:29:03.048368
INFO:root:2022-07-20 17:29:03.053829Got pong from server
INFO:root:latency :: 0.005784749984741211
INFO:root:sent ping 2022-07-20 17:29:04.049804
INFO:root:2022-07-20 17:29:04.054875Got pong from server
INFO:root:latency :: 0.005446434020996094
INFO:root:sent ping 2022-07-20 17:29:05.051272
INFO:root:2022-07-20 17:29:05.055097Got pong from server
INFO:root:latency :: 0.004116535186767578
INFO:root:sent ping 2022-07-20 17:29:06.052819
INFO:root:2022-07-20 17:29:06.057947Got pong from server
INFO:root:latency :: 0.005446910858154297
INFO:root:sent ping 2022-07-20 17:29:07.054305
INFO:root:2022-07-20 17:29:07.060553Got pong from server
INFO:root:latency :: 0.006532430648803711
INFO:root:sent ping 2022-07-20 17:29:08.055857
INFO:root:2022-07-20 17:29:08.061368Got pong from server
INFO:root:latency :: 0.005827903747558594
INFO:root:sent ping 2022-07-20 17:29:09.057414
INFO:root:2022-07-20 17:29:09.061728Got pong from server
INFO:root:latency :: 0.004663228988647461
INFO:root:sent ping 2022-07-20 17:29:10.059051
INFO:root:2022-07-20 17:29:10.065455Got pong from server
INFO:root:latency :: 0.006793975830078125
INFO:root:sent ping 2022-07-20 17:29:11.060604
INFO:root:2022-07-20 17:29:11.065173Got pong from server
INFO:root:latency :: 0.004957675933837891
INFO:root:sent ping 2022-07-20 17:29:12.062121
INFO:root:2022-07-20 17:29:12.066579Got pong from server
INFO:root:latency :: 0.004756927490234375
INFO:root:sent ping 2022-07-20 17:29:13.064033
INFO:root:2022-07-20 17:29:13.071100Got pong from server
INFO:root:latency :: 0.007784128189086914
INFO:root:sent ping 2022-07-20 17:29:14.065582
INFO:root:2022-07-20 17:29:14.069572Got pong from server
INFO:root:latency :: 0.004297018051147461
INFO:root:sent ping 2022-07-20 17:29:15.067133
INFO:root:2022-07-20 17:29:15.071360Got pong from server
INFO:root:latency :: 0.004557609558105469
INFO:root:sent ping 2022-07-20 17:29:16.068744
INFO:root:2022-07-20 17:29:16.074142Got pong from server
INFO:root:latency :: 0.005670070648193359
INFO:root:sent ping 2022-07-20 17:29:17.070371
INFO:root:2022-07-20 17:29:17.075476Got pong from server
INFO:root:latency :: 0.005570888519287109
INFO:root:sent ping 2022-07-20 17:29:18.071898
INFO:root:2022-07-20 17:29:18.113296Got pong from server
INFO:root:latency :: 0.04187178611755371
INFO:root:sent ping 2022-07-20 17:29:19.073282
INFO:root:2022-07-20 17:29:19.077693Got pong from server
INFO:root:latency :: 0.0046999454498291016
INFO:root:sent ping 2022-07-20 17:29:20.074832
INFO:root:2022-07-20 17:29:20.083293Got pong from server
INFO:root:latency :: 0.008867740631103516
INFO:root:sent ping 2022-07-20 17:29:21.076309
INFO:root:2022-07-20 17:29:21.080792Got pong from server
INFO:root:latency :: 0.004770755767822266
INFO:root:sent ping 2022-07-20 17:29:22.077815
INFO:root:2022-07-20 17:29:22.083396Got pong from server
INFO:root:latency :: 0.005903482437133789
INFO:root:sent ping 2022-07-20 17:29:23.079362
INFO:root:2022-07-20 17:29:23.082634Got pong from server
INFO:root:latency :: 0.003610849380493164
INFO:root:{'mean_latency': 7.011052100889144, 'std_dev_latency': 6.614080715320111, 'req_rate': 1.0109748766374105}
DEBUG:urllib3.connectionpool:Starting new HTTP connection (1): 20.66.123.181:5000
DEBUG:urllib3.connectionpool:http://20.66.123.181:5000 "POST /client_stats HTTP/1.1" 204 0
INFO:root:2022-07-20 17:29:23.439032 controller reply to user stats : 
INFO:root:empty resp
INFO:root:sent ping 2022-07-20 17:29:24.080523
INFO:root:2022-07-20 17:29:24.084641Got pong from server
INFO:root:latency :: 0.00452733039855957
INFO:root:sent ping 2022-07-20 17:29:25.082124
INFO:root:2022-07-20 17:29:25.087768Got pong from server
INFO:root:latency :: 0.005942106246948242
INFO:root:sent ping 2022-07-20 17:29:26.083631
INFO:root:2022-07-20 17:29:26.092821Got pong from server
INFO:root:latency :: 0.009536504745483398
INFO:root:sent ping 2022-07-20 17:29:27.085142
INFO:root:2022-07-20 17:29:27.089774Got pong from server
INFO:root:latency :: 0.00493168830871582
INFO:root:sent ping 2022-07-20 17:29:28.086598
INFO:root:2022-07-20 17:29:28.092561Got pong from server
INFO:root:latency :: 0.006303310394287109
INFO:root:sent ping 2022-07-20 17:29:29.088289
INFO:root:2022-07-20 17:29:29.093075Got pong from server
INFO:root:latency :: 0.005201578140258789
INFO:root:sent ping 2022-07-20 17:29:30.089878
INFO:root:2022-07-20 17:29:30.093825Got pong from server
INFO:root:latency :: 0.004231691360473633
INFO:root:sent ping 2022-07-20 17:29:31.091402
INFO:root:2022-07-20 17:29:31.095853Got pong from server
INFO:root:latency :: 0.004815816879272461
INFO:root:sent ping 2022-07-20 17:29:32.092903
INFO:root:2022-07-20 17:29:32.096678Got pong from server
INFO:root:latency :: 0.0040552616119384766
INFO:root:sent ping 2022-07-20 17:29:33.094378
INFO:root:2022-07-20 17:29:33.099759Got pong from server
INFO:root:latency :: 0.005685091018676758
INFO:root:sent ping 2022-07-20 17:29:34.095958
INFO:root:2022-07-20 17:29:34.100078Got pong from server
INFO:root:latency :: 0.004393577575683594
INFO:root:sent ping 2022-07-20 17:29:35.097485
INFO:root:2022-07-20 17:29:35.104289Got pong from server
INFO:root:latency :: 0.0071527957916259766
INFO:root:sent ping 2022-07-20 17:29:36.098973
INFO:root:2022-07-20 17:29:36.102658Got pong from server
INFO:root:latency :: 0.003965139389038086
INFO:root:sent ping 2022-07-20 17:29:37.100586
INFO:root:2022-07-20 17:29:37.104371Got pong from server
INFO:root:latency :: 0.004175662994384766
INFO:root:sent ping 2022-07-20 17:29:38.102081
INFO:root:2022-07-20 17:29:38.107368Got pong from server
INFO:root:latency :: 0.005623579025268555
INFO:root:sent ping 2022-07-20 17:29:39.103586
INFO:root:2022-07-20 17:29:39.108262Got pong from server
INFO:root:latency :: 0.00531458854675293
INFO:root:sent ping 2022-07-20 17:29:40.104736
INFO:root:2022-07-20 17:29:40.109408Got pong from server
INFO:root:latency :: 0.005012989044189453
INFO:root:sent ping 2022-07-20 17:29:41.106169
INFO:root:2022-07-20 17:29:41.110389Got pong from server
INFO:root:latency :: 0.004481792449951172
INFO:root:sent ping 2022-07-20 17:29:42.107710
INFO:root:2022-07-20 17:29:42.114258Got pong from server
INFO:root:latency :: 0.006941795349121094
INFO:root:sent ping 2022-07-20 17:29:43.109137
INFO:root:2022-07-20 17:29:43.113522Got pong from server
INFO:root:latency :: 0.004624366760253906
INFO:root:sent ping 2022-07-20 17:29:44.110569
INFO:root:2022-07-20 17:29:44.115564Got pong from server
INFO:root:latency :: 0.005243539810180664
INFO:root:sent ping 2022-07-20 17:29:45.111511
INFO:root:2022-07-20 17:29:45.116426Got pong from server
INFO:root:latency :: 0.005215644836425781
INFO:root:sent ping 2022-07-20 17:29:46.112910
INFO:root:2022-07-20 17:29:46.119947Got pong from server
INFO:root:latency :: 0.008147001266479492
INFO:root:sent ping 2022-07-20 17:29:47.114579
INFO:root:2022-07-20 17:29:47.120905Got pong from server
INFO:root:latency :: 0.00687098503112793
INFO:root:sent ping 2022-07-20 17:29:48.116070
INFO:root:2022-07-20 17:29:48.121156Got pong from server
INFO:root:latency :: 0.005430459976196289
INFO:root:sent ping 2022-07-20 17:29:49.117641
INFO:root:2022-07-20 17:29:49.122594Got pong from server
INFO:root:latency :: 0.00527644157409668
INFO:root:sent ping 2022-07-20 17:29:50.119089
INFO:root:2022-07-20 17:29:50.123509Got pong from server
INFO:root:latency :: 0.004699230194091797
INFO:root:sent ping 2022-07-20 17:29:51.120630
INFO:root:2022-07-20 17:29:51.125010Got pong from server
INFO:root:latency :: 0.0047566890716552734
INFO:root:sent ping 2022-07-20 17:29:52.122104
INFO:root:2022-07-20 17:29:52.126167Got pong from server
INFO:root:latency :: 0.0043141841888427734
INFO:root:sent ping 2022-07-20 17:29:53.123590
INFO:root:2022-07-20 17:29:53.127586Got pong from server
INFO:root:latency :: 0.00425410270690918
INFO:root:sent ping 2022-07-20 17:29:54.125084
INFO:root:2022-07-20 17:29:54.130380Got pong from server
INFO:root:latency :: 0.005583524703979492
INFO:root:{'mean_latency': 5.377692560995778, 'std_dev_latency': 1.2405541968327156, 'req_rate': 1.010047925519744}
DEBUG:urllib3.connectionpool:Starting new HTTP connection (1): 20.66.123.181:5000
DEBUG:urllib3.connectionpool:http://20.66.123.181:5000 "POST /client_stats HTTP/1.1" 204 0
INFO:root:2022-07-20 17:29:54.496742 controller reply to user stats : 
INFO:root:empty resp
INFO:root:sent ping 2022-07-20 17:29:55.133589
INFO:root:2022-07-20 17:29:55.139107Got pong from server
INFO:root:latency :: 0.005824565887451172
INFO:root:sent ping 2022-07-20 17:29:56.135192
INFO:root:2022-07-20 17:29:56.140706Got pong from server
INFO:root:latency :: 0.005835056304931641
INFO:root:sent ping 2022-07-20 17:29:57.136711
INFO:root:2022-07-20 17:29:57.140932Got pong from server
INFO:root:latency :: 0.0044651031494140625
INFO:root:sent ping 2022-07-20 17:29:58.138221
INFO:root:2022-07-20 17:29:58.148933Got pong from server
INFO:root:latency :: 0.011019229888916016
INFO:root:sent ping 2022-07-20 17:29:59.139814
INFO:root:2022-07-20 17:29:59.144679Got pong from server
INFO:root:latency :: 0.005155324935913086
INFO:root:sent ping 2022-07-20 17:30:00.141217
INFO:root:2022-07-20 17:30:00.145744Got pong from server
INFO:root:latency :: 0.00477910041809082
INFO:root:sent ping 2022-07-20 17:30:01.143047
INFO:root:2022-07-20 17:30:01.149399Got pong from server
INFO:root:latency :: 0.007067441940307617
INFO:root:sent ping 2022-07-20 17:30:02.144555
INFO:root:2022-07-20 17:30:02.151732Got pong from server
INFO:root:latency :: 0.007458209991455078
INFO:root:sent ping 2022-07-20 17:30:03.146001
INFO:root:2022-07-20 17:30:03.151485Got pong from server
INFO:root:latency :: 0.005948543548583984
INFO:root:sent ping 2022-07-20 17:30:04.147544
INFO:root:2022-07-20 17:30:04.152113Got pong from server
INFO:root:latency :: 0.004899501800537109
INFO:root:sent ping 2022-07-20 17:30:05.149133
INFO:root:2022-07-20 17:30:05.154183Got pong from server
INFO:root:latency :: 0.005309581756591797
INFO:root:sent ping 2022-07-20 17:30:06.150585
INFO:root:2022-07-20 17:30:06.156204Got pong from server
INFO:root:latency :: 0.005967617034912109
INFO:root:sent ping 2022-07-20 17:30:07.152078
INFO:root:2022-07-20 17:30:07.157414Got pong from server
INFO:root:latency :: 0.005665302276611328
INFO:root:sent ping 2022-07-20 17:30:08.153667
INFO:root:2022-07-20 17:30:08.167646Got pong from server
INFO:root:latency :: 0.014228343963623047
INFO:root:sent ping 2022-07-20 17:30:09.155133
INFO:root:2022-07-20 17:30:09.159306Got pong from server
INFO:root:latency :: 0.004470348358154297
INFO:root:sent ping 2022-07-20 17:30:10.156600
INFO:root:2022-07-20 17:30:10.162214Got pong from server
INFO:root:latency :: 0.005858182907104492
INFO:root:sent ping 2022-07-20 17:30:11.158125
INFO:root:2022-07-20 17:30:11.164266Got pong from server
INFO:root:latency :: 0.006432771682739258
INFO:root:sent ping 2022-07-20 17:30:12.160224
INFO:root:2022-07-20 17:30:12.164173Got pong from server
INFO:root:latency :: 0.0044176578521728516
INFO:root:sent ping 2022-07-20 17:30:13.161700
INFO:root:2022-07-20 17:30:13.166481Got pong from server
INFO:root:latency :: 0.0050563812255859375
INFO:root:sent ping 2022-07-20 17:30:14.163139
INFO:root:2022-07-20 17:30:14.167405Got pong from server
INFO:root:latency :: 0.004518747329711914
INFO:root:sent ping 2022-07-20 17:30:15.164853
INFO:root:2022-07-20 17:30:15.169574Got pong from server
INFO:root:latency :: 0.004987239837646484
INFO:root:sent ping 2022-07-20 17:30:16.166212
INFO:root:2022-07-20 17:30:16.171762Got pong from server
INFO:root:latency :: 0.0058155059814453125
INFO:root:sent ping 2022-07-20 17:30:17.167653
INFO:root:2022-07-20 17:30:17.171873Got pong from server
INFO:root:latency :: 0.004477739334106445
INFO:root:sent ping 2022-07-20 17:30:18.169095
INFO:root:2022-07-20 17:30:18.173068Got pong from server
INFO:root:latency :: 0.004230022430419922
INFO:root:sent ping 2022-07-20 17:30:19.170599
INFO:root:2022-07-20 17:30:19.175935Got pong from server
INFO:root:latency :: 0.006083011627197266
INFO:root:sent ping 2022-07-20 17:30:20.172242
INFO:root:2022-07-20 17:30:20.176422Got pong from server
INFO:root:latency :: 0.0046007633209228516
INFO:root:sent ping 2022-07-20 17:30:21.173804
INFO:root:2022-07-20 17:30:21.178917Got pong from server
INFO:root:latency :: 0.005394697189331055
INFO:root:sent ping 2022-07-20 17:30:22.175220
INFO:root:2022-07-20 17:30:22.179912Got pong from server
INFO:root:latency :: 0.0049457550048828125
INFO:root:sent ping 2022-07-20 17:30:23.176718
INFO:root:2022-07-20 17:30:23.182035Got pong from server
INFO:root:latency :: 0.0056018829345703125
INFO:root:sent ping 2022-07-20 17:30:24.178218
INFO:root:2022-07-20 17:30:24.183797Got pong from server
INFO:root:latency :: 0.005875825881958008
INFO:root:sent ping 2022-07-20 17:30:25.179750
INFO:root:2022-07-20 17:30:25.184591Got pong from server
INFO:root:latency :: 0.005101442337036133
INFO:root:{'mean_latency': 5.854545101042716, 'std_dev_latency': 1.9756501336875474, 'req_rate': 1.0101643302654395}
DEBUG:urllib3.connectionpool:Starting new HTTP connection (1): 20.66.123.181:5000
DEBUG:urllib3.connectionpool:http://20.66.123.181:5000 "POST /client_stats HTTP/1.1" 204 0
INFO:root:2022-07-20 17:30:25.545674 controller reply to user stats : 
INFO:root:empty resp
INFO:root:sent ping 2022-07-20 17:30:26.180857
INFO:root:2022-07-20 17:30:26.186161Got pong from server
INFO:root:latency :: 0.005568265914916992
INFO:root:sent ping 2022-07-20 17:30:27.182756
INFO:root:2022-07-20 17:30:27.189036Got pong from server
INFO:root:latency :: 0.006952047348022461
INFO:root:sent ping 2022-07-20 17:30:28.184263
INFO:root:2022-07-20 17:30:28.188663Got pong from server
INFO:root:latency :: 0.00472712516784668
INFO:root:sent ping 2022-07-20 17:30:29.185848
INFO:root:2022-07-20 17:30:29.191080Got pong from server
INFO:root:latency :: 0.005762815475463867
INFO:root:sent ping 2022-07-20 17:30:30.187244
INFO:root:2022-07-20 17:30:30.190714Got pong from server
INFO:root:latency :: 0.003696918487548828
INFO:root:sent ping 2022-07-20 17:30:31.188724
INFO:root:2022-07-20 17:30:31.194382Got pong from server
INFO:root:latency :: 0.005970478057861328
INFO:root:sent ping 2022-07-20 17:30:32.192299
INFO:root:2022-07-20 17:30:32.196120Got pong from server
INFO:root:latency :: 0.006269693374633789
INFO:root:sent ping 2022-07-20 17:30:33.194184
INFO:root:2022-07-20 17:30:33.198092Got pong from server
INFO:root:latency :: 0.004185199737548828
INFO:root:sent ping 2022-07-20 17:30:34.195656
INFO:root:2022-07-20 17:30:34.201712Got pong from server
INFO:root:latency :: 0.006329536437988281
INFO:root:sent ping 2022-07-20 17:30:35.197151
INFO:root:2022-07-20 17:30:35.202223Got pong from server
INFO:root:latency :: 0.005377769470214844
INFO:root:sent ping 2022-07-20 17:30:36.198563
INFO:root:2022-07-20 17:30:36.203045Got pong from server
INFO:root:latency :: 0.004710197448730469
INFO:root:sent ping 2022-07-20 17:30:37.200111
INFO:root:2022-07-20 17:30:37.204561Got pong from server
INFO:root:latency :: 0.004724025726318359
INFO:root:sent ping 2022-07-20 17:30:38.201580
INFO:root:2022-07-20 17:30:38.206072Got pong from server
INFO:root:latency :: 0.004857063293457031
INFO:root:sent ping 2022-07-20 17:30:39.203000
INFO:root:2022-07-20 17:30:39.208666Got pong from server
INFO:root:latency :: 0.00592803955078125
INFO:root:sent ping 2022-07-20 17:30:40.204583
INFO:root:2022-07-20 17:30:40.208832Got pong from server
INFO:root:latency :: 0.004507541656494141
INFO:root:sent ping 2022-07-20 17:30:41.206013
INFO:root:2022-07-20 17:30:41.211479Got pong from server
INFO:root:latency :: 0.0057528018951416016
INFO:root:sent ping 2022-07-20 17:30:42.207561
INFO:root:2022-07-20 17:30:42.211738Got pong from server
INFO:root:latency :: 0.0045506954193115234
INFO:root:sent ping 2022-07-20 17:30:43.209028
INFO:root:2022-07-20 17:30:43.214187Got pong from server
INFO:root:latency :: 0.005410671234130859
INFO:root:sent ping 2022-07-20 17:30:44.210553
INFO:root:2022-07-20 17:30:44.214292Got pong from server
INFO:root:latency :: 0.0041005611419677734
INFO:root:sent ping 2022-07-20 17:30:45.212110
INFO:root:2022-07-20 17:30:45.217850Got pong from server
INFO:root:latency :: 0.006064653396606445
INFO:root:sent ping 2022-07-20 17:30:46.213673
INFO:root:2022-07-20 17:30:46.218595Got pong from server
INFO:root:latency :: 0.0052449703216552734
INFO:root:sent ping 2022-07-20 17:30:47.215140
INFO:root:2022-07-20 17:30:47.218977Got pong from server
INFO:root:latency :: 0.004094600677490234
INFO:root:sent ping 2022-07-20 17:30:48.216632
INFO:root:2022-07-20 17:30:48.221259Got pong from server
INFO:root:latency :: 0.005042552947998047
INFO:root:sent ping 2022-07-20 17:30:49.218100
INFO:root:2022-07-20 17:30:49.224636Got pong from server
INFO:root:latency :: 0.006848812103271484
INFO:root:sent ping 2022-07-20 17:30:50.219608
INFO:root:2022-07-20 17:30:50.223873Got pong from server
INFO:root:latency :: 0.004607677459716797
INFO:root:sent ping 2022-07-20 17:30:51.221200
INFO:root:2022-07-20 17:30:51.228509Got pong from server
INFO:root:latency :: 0.007738590240478516
INFO:root:sent ping 2022-07-20 17:30:52.222770
INFO:root:2022-07-20 17:30:52.228886Got pong from server
INFO:root:latency :: 0.00641322135925293
INFO:root:sent ping 2022-07-20 17:30:53.224250
INFO:root:2022-07-20 17:30:53.230446Got pong from server
INFO:root:latency :: 0.006493091583251953
INFO:root:sent ping 2022-07-20 17:30:54.225669
INFO:root:2022-07-20 17:30:54.231576Got pong from server
INFO:root:latency :: 0.006320476531982422
INFO:root:sent ping 2022-07-20 17:30:55.227120
INFO:root:2022-07-20 17:30:55.231497Got pong from server
INFO:root:latency :: 0.005209684371948242
INFO:root:sent ping 2022-07-20 17:30:56.228547
INFO:root:2022-07-20 17:30:56.232632Got pong from server
INFO:root:latency :: 0.004331111907958984
INFO:root:{'mean_latency': 5.412609346451298, 'std_dev_latency': 0.9658266778050896, 'req_rate': 1.0101931334765233}
DEBUG:urllib3.connectionpool:Starting new HTTP connection (1): 20.66.123.181:5000
DEBUG:urllib3.connectionpool:http://20.66.123.181:5000 "POST /client_stats HTTP/1.1" 204 0
INFO:root:2022-07-20 17:30:56.595616 controller reply to user stats : 
INFO:root:empty resp
INFO:root:sent ping 2022-07-20 17:30:57.229612
INFO:root:2022-07-20 17:30:57.233211Got pong from server
INFO:root:latency :: 0.0038590431213378906
INFO:root:sent ping 2022-07-20 17:30:58.231068
INFO:root:2022-07-20 17:30:58.235706Got pong from server
INFO:root:latency :: 0.004885673522949219
INFO:root:sent ping 2022-07-20 17:30:59.232518
INFO:root:2022-07-20 17:30:59.236544Got pong from server
INFO:root:latency :: 0.004369258880615234
INFO:root:sent ping 2022-07-20 17:31:00.234071
INFO:root:2022-07-20 17:31:00.238144Got pong from server
INFO:root:latency :: 0.004364013671875
INFO:root:sent ping 2022-07-20 17:31:01.235573
INFO:root:2022-07-20 17:31:01.239470Got pong from server
INFO:root:latency :: 0.004189968109130859
INFO:root:sent ping 2022-07-20 17:31:02.237042
INFO:root:2022-07-20 17:31:02.245236Got pong from server
INFO:root:latency :: 0.008481264114379883
INFO:root:sent ping 2022-07-20 17:31:03.239043
INFO:root:2022-07-20 17:31:03.251516Got pong from server
INFO:root:latency :: 0.013074874877929688
INFO:root:sent ping 2022-07-20 17:31:04.240625
INFO:root:2022-07-20 17:31:04.245314Got pong from server
INFO:root:latency :: 0.00510716438293457
INFO:root:sent ping 2022-07-20 17:31:05.242159
INFO:root:2022-07-20 17:31:05.251153Got pong from server
INFO:root:latency :: 0.009260416030883789
INFO:root:sent ping 2022-07-20 17:31:06.243674
INFO:root:2022-07-20 17:31:06.248411Got pong from server
INFO:root:latency :: 0.005158901214599609
INFO:root:sent ping 2022-07-20 17:31:07.245245
INFO:root:2022-07-20 17:31:07.249254Got pong from server
INFO:root:latency :: 0.0043604373931884766
INFO:root:sent ping 2022-07-20 17:31:08.246813
INFO:root:2022-07-20 17:31:08.250985Got pong from server
INFO:root:latency :: 0.004423618316650391
INFO:root:sent ping 2022-07-20 17:31:09.248274
INFO:root:2022-07-20 17:31:09.253402Got pong from server
INFO:root:latency :: 0.00541996955871582
INFO:root:sent ping 2022-07-20 17:31:10.249991
INFO:root:2022-07-20 17:31:10.253917Got pong from server
INFO:root:latency :: 0.0042188167572021484
INFO:root:sent ping 2022-07-20 17:31:11.251532
INFO:root:2022-07-20 17:31:11.255721Got pong from server
INFO:root:latency :: 0.004517793655395508
INFO:root:sent ping 2022-07-20 17:31:12.252997
INFO:root:2022-07-20 17:31:12.257058Got pong from server
INFO:root:latency :: 0.004389524459838867
INFO:root:sent ping 2022-07-20 17:31:13.254502
INFO:root:2022-07-20 17:31:13.259071Got pong from server
INFO:root:latency :: 0.004807949066162109
INFO:root:sent ping 2022-07-20 17:31:14.255981
INFO:root:2022-07-20 17:31:14.264907Got pong from server
INFO:root:latency :: 0.009269475936889648
INFO:root:sent ping 2022-07-20 17:31:15.257603
INFO:root:2022-07-20 17:31:15.262200Got pong from server
INFO:root:latency :: 0.004967689514160156
INFO:root:sent ping 2022-07-20 17:31:16.259207
INFO:root:2022-07-20 17:31:16.264738Got pong from server
INFO:root:latency :: 0.006165266036987305
INFO:root:sent ping 2022-07-20 17:31:17.260756
INFO:root:2022-07-20 17:31:17.264824Got pong from server
INFO:root:latency :: 0.004422903060913086
INFO:root:sent ping 2022-07-20 17:31:18.262216
INFO:root:2022-07-20 17:31:18.271134Got pong from server
INFO:root:latency :: 0.009187936782836914
INFO:root:sent ping 2022-07-20 17:31:19.263730
INFO:root:2022-07-20 17:31:19.269428Got pong from server
INFO:root:latency :: 0.0059697628021240234
INFO:root:sent ping 2022-07-20 17:31:20.265207
INFO:root:2022-07-20 17:31:20.272467Got pong from server
INFO:root:latency :: 0.007580280303955078
INFO:root:sent ping 2022-07-20 17:31:21.266942
INFO:root:2022-07-20 17:31:21.273454Got pong from server
INFO:root:latency :: 0.008783102035522461
INFO:root:sent ping 2022-07-20 17:31:22.268436
INFO:root:2022-07-20 17:31:22.279430Got pong from server
INFO:root:latency :: 0.011330127716064453
INFO:root:sent ping 2022-07-20 17:31:23.269929
INFO:root:2022-07-20 17:31:23.276161Got pong from server
INFO:root:latency :: 0.006571292877197266
INFO:root:sent ping 2022-07-20 17:31:24.271468
INFO:root:2022-07-20 17:31:24.277407Got pong from server
INFO:root:latency :: 0.006376504898071289
INFO:root:sent ping 2022-07-20 17:31:25.272980
INFO:root:2022-07-20 17:31:25.276939Got pong from server
INFO:root:latency :: 0.0042340755462646484
INFO:root:sent ping 2022-07-20 17:31:26.274546
INFO:root:2022-07-20 17:31:26.279242Got pong from server
INFO:root:latency :: 0.005049705505371094
INFO:root:sent ping 2022-07-20 17:31:27.276060
INFO:root:2022-07-20 17:31:27.281510Got pong from server
INFO:root:latency :: 0.005736351013183594
INFO:root:{'mean_latency': 6.146231005268712, 'std_dev_latency': 2.3046911363655798, 'req_rate': 1.010228350969416}
DEBUG:urllib3.connectionpool:Starting new HTTP connection (1): 20.66.123.181:5000
DEBUG:urllib3.connectionpool:http://20.66.123.181:5000 "POST /client_stats HTTP/1.1" 204 0
INFO:root:2022-07-20 17:31:27.658973 controller reply to user stats : 
INFO:root:empty resp
INFO:root:sent ping 2022-07-20 17:31:28.277239
INFO:root:2022-07-20 17:31:28.282666Got pong from server
INFO:root:latency :: 0.0057697296142578125
INFO:root:sent ping 2022-07-20 17:31:29.278846
INFO:root:2022-07-20 17:31:29.285078Got pong from server
INFO:root:latency :: 0.006534099578857422
INFO:root:sent ping 2022-07-20 17:31:30.280974
INFO:root:2022-07-20 17:31:30.288447Got pong from server
INFO:root:latency :: 0.007816553115844727
INFO:root:sent ping 2022-07-20 17:31:31.282485
INFO:root:2022-07-20 17:31:31.287565Got pong from server
INFO:root:latency :: 0.005399942398071289
INFO:root:sent ping 2022-07-20 17:31:32.283988
INFO:root:2022-07-20 17:31:32.294065Got pong from server
INFO:root:latency :: 0.010352849960327148
INFO:root:sent ping 2022-07-20 17:31:33.285702
INFO:root:2022-07-20 17:31:33.289871Got pong from server
INFO:root:latency :: 0.004611015319824219
INFO:root:sent ping 2022-07-20 17:31:34.287237
INFO:root:2022-07-20 17:31:34.294108Got pong from server
INFO:root:latency :: 0.007184743881225586
INFO:root:sent ping 2022-07-20 17:31:35.288777
INFO:root:2022-07-20 17:31:35.295282Got pong from server
INFO:root:latency :: 0.006868839263916016
INFO:root:sent ping 2022-07-20 17:31:36.290396
INFO:root:2022-07-20 17:31:36.295470Got pong from server
INFO:root:latency :: 0.0054280757904052734
INFO:root:sent ping 2022-07-20 17:31:37.291880
INFO:root:2022-07-20 17:31:37.295926Got pong from server
INFO:root:latency :: 0.0043222904205322266
INFO:root:sent ping 2022-07-20 17:31:38.293390
INFO:root:2022-07-20 17:31:38.298199Got pong from server
INFO:root:latency :: 0.005083799362182617
INFO:root:sent ping 2022-07-20 17:31:39.294787
INFO:root:2022-07-20 17:31:39.299527Got pong from server
INFO:root:latency :: 0.004990816116333008
INFO:root:sent ping 2022-07-20 17:31:40.296224
INFO:root:2022-07-20 17:31:40.301632Got pong from server
INFO:root:latency :: 0.005746364593505859
INFO:root:sent ping 2022-07-20 17:31:41.297677
INFO:root:2022-07-20 17:31:41.304853Got pong from server
INFO:root:latency :: 0.00743556022644043
INFO:root:sent ping 2022-07-20 17:31:42.299261
INFO:root:2022-07-20 17:31:42.304882Got pong from server
INFO:root:latency :: 0.006028413772583008
INFO:root:sent ping 2022-07-20 17:31:43.300781
INFO:root:2022-07-20 17:31:43.307549Got pong from server
INFO:root:latency :: 0.007043361663818359
INFO:root:sent ping 2022-07-20 17:31:44.302289
INFO:root:2022-07-20 17:31:44.306393Got pong from server
INFO:root:latency :: 0.004351139068603516
INFO:root:sent ping 2022-07-20 17:31:45.304119
INFO:root:2022-07-20 17:31:45.311159Got pong from server
INFO:root:latency :: 0.0076274871826171875
INFO:root:sent ping 2022-07-20 17:31:46.307001
INFO:root:2022-07-20 17:31:46.313377Got pong from server
INFO:root:latency :: 0.006701946258544922
INFO:root:sent ping 2022-07-20 17:31:47.308486
INFO:root:2022-07-20 17:31:47.314938Got pong from server
INFO:root:latency :: 0.006756305694580078
INFO:root:sent ping 2022-07-20 17:31:48.309954
INFO:root:2022-07-20 17:31:48.314496Got pong from server
INFO:root:latency :: 0.004863739013671875
INFO:root:sent ping 2022-07-20 17:31:49.311435
INFO:root:2022-07-20 17:31:49.317361Got pong from server
INFO:root:latency :: 0.006240129470825195
INFO:root:sent ping 2022-07-20 17:31:50.312943
INFO:root:2022-07-20 17:31:50.317816Got pong from server
INFO:root:latency :: 0.005192756652832031
INFO:root:sent ping 2022-07-20 17:31:51.314530
INFO:root:2022-07-20 17:31:51.319288Got pong from server
INFO:root:latency :: 0.005070924758911133
INFO:root:sent ping 2022-07-20 17:31:52.315977
INFO:root:2022-07-20 17:31:52.320523Got pong from server
INFO:root:latency :: 0.0048046112060546875
INFO:root:sent ping 2022-07-20 17:31:53.317501
INFO:root:2022-07-20 17:31:53.321410Got pong from server
INFO:root:latency :: 0.004202604293823242
INFO:root:sent ping 2022-07-20 17:31:54.320685
INFO:root:2022-07-20 17:31:54.325173Got pong from server
INFO:root:latency :: 0.0052759647369384766
INFO:root:sent ping 2022-07-20 17:31:55.324231
INFO:root:2022-07-20 17:31:55.330430Got pong from server
INFO:root:latency :: 0.007578134536743164
INFO:root:sent ping 2022-07-20 17:31:56.326002
INFO:root:2022-07-20 17:31:56.334410Got pong from server
INFO:root:latency :: 0.008738040924072266
INFO:root:sent ping 2022-07-20 17:31:57.327584
INFO:root:2022-07-20 17:31:57.331497Got pong from server
INFO:root:latency :: 0.004211902618408203
INFO:root:sent ping 2022-07-20 17:31:58.329071
INFO:root:2022-07-20 17:31:58.334100Got pong from server
INFO:root:latency :: 0.005305767059326172
INFO:root:{'mean_latency': 6.0496099533573275, 'std_dev_latency': 1.4291601712184703, 'req_rate': 1.0105792550392763}
DEBUG:urllib3.connectionpool:Starting new HTTP connection (1): 20.66.123.181:5000
DEBUG:urllib3.connectionpool:http://20.66.123.181:5000 "POST /client_stats HTTP/1.1" 204 0
INFO:root:2022-07-20 17:31:58.708686 controller reply to user stats : 
INFO:root:empty resp
INFO:root:sent ping 2022-07-20 17:31:59.330098
INFO:root:2022-07-20 17:31:59.334476Got pong from server
INFO:root:latency :: 0.0046880245208740234
INFO:root:sent ping 2022-07-20 17:32:00.331644
INFO:root:2022-07-20 17:32:00.336709Got pong from server
INFO:root:latency :: 0.0053768157958984375
INFO:root:sent ping 2022-07-20 17:32:01.333268
INFO:root:2022-07-20 17:32:01.337287Got pong from server
INFO:root:latency :: 0.004341840744018555
INFO:root:sent ping 2022-07-20 17:32:02.334926
INFO:root:2022-07-20 17:32:02.338989Got pong from server
INFO:root:latency :: 0.004397869110107422
INFO:root:sent ping 2022-07-20 17:32:03.336512
INFO:root:2022-07-20 17:32:03.345216Got pong from server
INFO:root:latency :: 0.009019613265991211
INFO:root:sent ping 2022-07-20 17:32:04.338033
INFO:root:2022-07-20 17:32:04.343011Got pong from server
INFO:root:latency :: 0.00522923469543457
INFO:root:sent ping 2022-07-20 17:32:05.339638
INFO:root:2022-07-20 17:32:05.342940Got pong from server
INFO:root:latency :: 0.003581523895263672
INFO:root:sent ping 2022-07-20 17:32:06.341129
INFO:root:2022-07-20 17:32:06.345445Got pong from server
INFO:root:latency :: 0.004591226577758789
INFO:root:sent ping 2022-07-20 17:32:07.342700
INFO:root:2022-07-20 17:32:07.347047Got pong from server
INFO:root:latency :: 0.004600048065185547
INFO:root:sent ping 2022-07-20 17:32:08.344231
INFO:root:2022-07-20 17:32:08.351896Got pong from server
INFO:root:latency :: 0.007955312728881836
INFO:root:sent ping 2022-07-20 17:32:09.345868
INFO:root:2022-07-20 17:32:09.351811Got pong from server
INFO:root:latency :: 0.00623631477355957
INFO:root:sent ping 2022-07-20 17:32:10.347443
INFO:root:2022-07-20 17:32:10.352821Got pong from server
INFO:root:latency :: 0.005690574645996094
INFO:root:sent ping 2022-07-20 17:32:11.348938
INFO:root:2022-07-20 17:32:11.355014Got pong from server
INFO:root:latency :: 0.006375312805175781
INFO:root:sent ping 2022-07-20 17:32:12.350499
INFO:root:2022-07-20 17:32:12.354797Got pong from server
INFO:root:latency :: 0.004716157913208008
INFO:root:sent ping 2022-07-20 17:32:13.351999
INFO:root:2022-07-20 17:32:13.356944Got pong from server
INFO:root:latency :: 0.005218982696533203
INFO:root:sent ping 2022-07-20 17:32:14.353510
INFO:root:2022-07-20 17:32:14.364399Got pong from server
INFO:root:latency :: 0.011397600173950195
INFO:root:sent ping 2022-07-20 17:32:15.354964
INFO:root:2022-07-20 17:32:15.359792Got pong from server
INFO:root:latency :: 0.005118370056152344
INFO:root:sent ping 2022-07-20 17:32:16.356726
INFO:root:2022-07-20 17:32:16.363686Got pong from server
INFO:root:latency :: 0.007494926452636719
INFO:root:sent ping 2022-07-20 17:32:17.358281
INFO:root:2022-07-20 17:32:17.364661Got pong from server
INFO:root:latency :: 0.00667262077331543
INFO:root:sent ping 2022-07-20 17:32:18.359832
INFO:root:2022-07-20 17:32:18.366717Got pong from server
INFO:root:latency :: 0.007126331329345703
INFO:root:sent ping 2022-07-20 17:32:19.361246
INFO:root:2022-07-20 17:32:19.366604Got pong from server
INFO:root:latency :: 0.0056209564208984375
INFO:root:sent ping 2022-07-20 17:32:20.362888
INFO:root:2022-07-20 17:32:20.368224Got pong from server
INFO:root:latency :: 0.0056912899017333984
INFO:root:sent ping 2022-07-20 17:32:21.364902
INFO:root:2022-07-20 17:32:21.369988Got pong from server
INFO:root:latency :: 0.005359172821044922
INFO:root:sent ping 2022-07-20 17:32:22.366477
INFO:root:2022-07-20 17:32:22.371428Got pong from server
INFO:root:latency :: 0.005293846130371094
INFO:root:sent ping 2022-07-20 17:32:23.368003
INFO:root:2022-07-20 17:32:23.381115Got pong from server
INFO:root:latency :: 0.013489246368408203
INFO:root:sent ping 2022-07-20 17:32:24.369580
INFO:root:2022-07-20 17:32:24.374070Got pong from server
INFO:root:latency :: 0.005096435546875
INFO:root:sent ping 2022-07-20 17:32:25.371131
INFO:root:2022-07-20 17:32:25.377240Got pong from server
INFO:root:latency :: 0.006455183029174805
INFO:root:sent ping 2022-07-20 17:32:26.372753
INFO:root:2022-07-20 17:32:26.378446Got pong from server
INFO:root:latency :: 0.006009340286254883
INFO:root:sent ping 2022-07-20 17:32:27.374262
INFO:root:2022-07-20 17:32:27.378499Got pong from server
INFO:root:latency :: 0.004515409469604492
INFO:root:sent ping 2022-07-20 17:32:28.375848
INFO:root:2022-07-20 17:32:28.379946Got pong from server
INFO:root:latency :: 0.004409313201904297
INFO:root:sent ping 2022-07-20 17:32:29.377497
INFO:root:2022-07-20 17:32:29.381767Got pong from server
INFO:root:latency :: 0.004656314849853516
INFO:root:{'mean_latency': 6.013716420819683, 'std_dev_latency': 2.063254007521052, 'req_rate': 1.0106486936885704}
DEBUG:urllib3.connectionpool:Starting new HTTP connection (1): 20.66.123.181:5000
DEBUG:urllib3.connectionpool:http://20.66.123.181:5000 "POST /client_stats HTTP/1.1" 204 0
INFO:root:2022-07-20 17:32:29.737653 controller reply to user stats : 
INFO:root:empty resp
INFO:root:sent ping 2022-07-20 17:32:30.378755
INFO:root:2022-07-20 17:32:30.382941Got pong from server
INFO:root:latency :: 0.004544258117675781
INFO:root:sent ping 2022-07-20 17:32:31.380246
INFO:root:2022-07-20 17:32:31.384676Got pong from server
INFO:root:latency :: 0.004734992980957031
INFO:root:sent ping 2022-07-20 17:32:32.381793
INFO:root:2022-07-20 17:32:32.385637Got pong from server
INFO:root:latency :: 0.004132509231567383
INFO:root:sent ping 2022-07-20 17:32:33.383284
INFO:root:2022-07-20 17:32:33.387530Got pong from server
INFO:root:latency :: 0.004601716995239258
INFO:root:sent ping 2022-07-20 17:32:34.384801
INFO:root:2022-07-20 17:32:34.389394Got pong from server
INFO:root:latency :: 0.004888296127319336
INFO:root:sent ping 2022-07-20 17:32:35.386377
INFO:root:2022-07-20 17:32:35.390032Got pong from server
INFO:root:latency :: 0.00395512580871582
INFO:root:sent ping 2022-07-20 17:32:36.387844
INFO:root:2022-07-20 17:32:36.393438Got pong from server
INFO:root:latency :: 0.005906581878662109
INFO:root:sent ping 2022-07-20 17:32:37.389376
INFO:root:2022-07-20 17:32:37.396810Got pong from server
INFO:root:latency :: 0.007703304290771484
INFO:root:sent ping 2022-07-20 17:32:38.390882
INFO:root:2022-07-20 17:32:38.398098Got pong from server
INFO:root:latency :: 0.007539510726928711
INFO:root:sent ping 2022-07-20 17:32:39.392496
INFO:root:2022-07-20 17:32:39.397524Got pong from server
INFO:root:latency :: 0.005358457565307617
INFO:root:sent ping 2022-07-20 17:32:40.394014
INFO:root:2022-07-20 17:32:40.411717Got pong from server
INFO:root:latency :: 0.018136978149414062
INFO:root:sent ping 2022-07-20 17:32:41.395603
INFO:root:2022-07-20 17:32:41.400414Got pong from server
INFO:root:latency :: 0.0051975250244140625
INFO:root:sent ping 2022-07-20 17:32:42.397193
INFO:root:2022-07-20 17:32:42.402416Got pong from server
INFO:root:latency :: 0.005559444427490234
INFO:root:sent ping 2022-07-20 17:32:43.398812
INFO:root:2022-07-20 17:32:43.403812Got pong from server
INFO:root:latency :: 0.0056304931640625
INFO:root:sent ping 2022-07-20 17:32:44.400373
INFO:root:2022-07-20 17:32:44.405477Got pong from server
INFO:root:latency :: 0.005419492721557617
INFO:root:sent ping 2022-07-20 17:32:45.401911
INFO:root:2022-07-20 17:32:45.407958Got pong from server
INFO:root:latency :: 0.006345510482788086
INFO:root:sent ping 2022-07-20 17:32:46.403380
INFO:root:2022-07-20 17:32:46.408972Got pong from server
INFO:root:latency :: 0.005932807922363281
INFO:root:sent ping 2022-07-20 17:32:47.404857
INFO:root:2022-07-20 17:32:47.415995Got pong from server
INFO:root:latency :: 0.011474847793579102
INFO:root:sent ping 2022-07-20 17:32:48.406292
INFO:root:2022-07-20 17:32:48.410824Got pong from server
INFO:root:latency :: 0.0047991275787353516
INFO:root:sent ping 2022-07-20 17:32:49.407812
INFO:root:2022-07-20 17:32:49.411939Got pong from server
INFO:root:latency :: 0.004383087158203125
INFO:root:sent ping 2022-07-20 17:32:50.409421
INFO:root:2022-07-20 17:32:50.413768Got pong from server
INFO:root:latency :: 0.004659175872802734
INFO:root:sent ping 2022-07-20 17:32:51.411002
INFO:root:2022-07-20 17:32:51.414977Got pong from server
INFO:root:latency :: 0.004289388656616211
