INFO:root:LAT : -33.86 LON : 151.2094
DEBUG:urllib3.connectionpool:Starting new HTTP connection (1): 20.66.123.181:5000
DEBUG:urllib3.connectionpool:http://20.66.123.181:5000 "POST /client HTTP/1.1" 200 55
INFO:root:now =2022-07-20 17:40:31.026149
INFO:root:gc: 20.248.137.93 5002
INFO:root:Connecting to gc 2022-07-20 17:40:31.026300
INFO:root:connection established with game container 2022-07-20 17:40:31.041247
INFO:root:sent ping 2022-07-20 17:40:31.737453
INFO:root:Connection with gc done 2022-07-20 17:40:31.737956
INFO:root:2022-07-20 17:40:31.744107Got pong from server
INFO:root:latency :: 0.007296085357666016
INFO:root:sent ping 2022-07-20 17:40:32.738928
INFO:root:2022-07-20 17:40:32.743066Got pong from server
INFO:root:latency :: 0.0044291019439697266
INFO:root:sent ping 2022-07-20 17:40:33.740367
INFO:root:2022-07-20 17:40:33.746165Got pong from server
INFO:root:latency :: 0.006120443344116211
INFO:root:sent ping 2022-07-20 17:40:34.741839
INFO:root:2022-07-20 17:40:34.748283Got pong from server
INFO:root:latency :: 0.006915092468261719
INFO:root:sent ping 2022-07-20 17:40:35.743489
INFO:root:2022-07-20 17:40:35.748782Got pong from server
INFO:root:latency :: 0.0057299137115478516
INFO:root:sent ping 2022-07-20 17:40:36.745009
INFO:root:2022-07-20 17:40:36.750381Got pong from server
INFO:root:latency :: 0.0056781768798828125
INFO:root:sent ping 2022-07-20 17:40:37.746473
INFO:root:2022-07-20 17:40:37.753668Got pong from server
INFO:root:latency :: 0.007508993148803711
INFO:root:sent ping 2022-07-20 17:40:38.747939
INFO:root:2022-07-20 17:40:38.752667Got pong from server
INFO:root:latency :: 0.004998922348022461
INFO:root:sent ping 2022-07-20 17:40:39.749442
INFO:root:2022-07-20 17:40:39.755077Got pong from server
INFO:root:latency :: 0.00595545768737793
INFO:root:sent ping 2022-07-20 17:40:40.750899
INFO:root:2022-07-20 17:40:40.756049Got pong from server
INFO:root:latency :: 0.005412101745605469
INFO:root:sent ping 2022-07-20 17:40:41.752415
INFO:root:2022-07-20 17:40:41.757501Got pong from server
INFO:root:latency :: 0.0055201053619384766
INFO:root:sent ping 2022-07-20 17:40:42.753913
INFO:root:2022-07-20 17:40:42.760911Got pong from server
INFO:root:latency :: 0.00727391242980957
INFO:root:sent ping 2022-07-20 17:40:43.755400
INFO:root:2022-07-20 17:40:43.759371Got pong from server
INFO:root:latency :: 0.00428009033203125
INFO:root:sent ping 2022-07-20 17:40:44.757037
INFO:root:2022-07-20 17:40:44.763134Got pong from server
INFO:root:latency :: 0.006452798843383789
INFO:root:sent ping 2022-07-20 17:40:45.758517
INFO:root:2022-07-20 17:40:45.765985Got pong from server
INFO:root:latency :: 0.007736921310424805
INFO:root:sent ping 2022-07-20 17:40:46.760099
INFO:root:2022-07-20 17:40:46.766158Got pong from server
INFO:root:latency :: 0.006461381912231445
INFO:root:sent ping 2022-07-20 17:40:47.761698
INFO:root:2022-07-20 17:40:47.767493Got pong from server
INFO:root:latency :: 0.006124973297119141
INFO:root:sent ping 2022-07-20 17:40:48.763280
INFO:root:2022-07-20 17:40:48.768954Got pong from server
INFO:root:latency :: 0.00596308708190918
INFO:root:sent ping 2022-07-20 17:40:49.764919
INFO:root:2022-07-20 17:40:49.772306Got pong from server
INFO:root:latency :: 0.007714271545410156
INFO:root:sent ping 2022-07-20 17:40:50.766445
INFO:root:2022-07-20 17:40:50.771511Got pong from server
INFO:root:latency :: 0.005372524261474609
INFO:root:sent ping 2022-07-20 17:40:51.769558
INFO:root:2022-07-20 17:40:51.778366Got pong from server
INFO:root:latency :: 0.009102344512939453
INFO:root:sent ping 2022-07-20 17:40:52.771058
INFO:root:2022-07-20 17:40:52.777705Got pong from server
INFO:root:latency :: 0.00691533088684082
INFO:root:sent ping 2022-07-20 17:40:53.772512
INFO:root:2022-07-20 17:40:53.776620Got pong from server
INFO:root:latency :: 0.00438237190246582
INFO:root:sent ping 2022-07-20 17:40:54.773936
INFO:root:2022-07-20 17:40:54.782202Got pong from server
INFO:root:latency :: 0.008611440658569336
INFO:root:sent ping 2022-07-20 17:40:55.775370
INFO:root:2022-07-20 17:40:55.781996Got pong from server
INFO:root:latency :: 0.006914854049682617
INFO:root:sent ping 2022-07-20 17:40:56.776790
INFO:root:2022-07-20 17:40:56.784047Got pong from server
INFO:root:latency :: 0.007561683654785156
INFO:root:sent ping 2022-07-20 17:40:57.777508
INFO:root:2022-07-20 17:40:57.788489Got pong from server
INFO:root:latency :: 0.01125335693359375
INFO:root:sent ping 2022-07-20 17:40:58.779014
INFO:root:2022-07-20 17:40:58.784028Got pong from server
INFO:root:latency :: 0.005303859710693359
INFO:root:sent ping 2022-07-20 17:40:59.780774
INFO:root:2022-07-20 17:40:59.785951Got pong from server
INFO:root:latency :: 0.0054514408111572266
INFO:root:sent ping 2022-07-20 17:41:00.782391
INFO:root:2022-07-20 17:41:00.787856Got pong from server
INFO:root:latency :: 0.0058441162109375
INFO:root:{'mean_latency': 6.476171811421712, 'std_dev_latency': 1.473976473668058, 'req_rate': 0.9982641997550233}
DEBUG:urllib3.connectionpool:Starting new HTTP connection (1): 20.66.123.181:5000
DEBUG:urllib3.connectionpool:http://20.66.123.181:5000 "POST /client_stats HTTP/1.1" 204 0
INFO:root:2022-07-20 17:41:01.078882 controller reply to user stats : 
INFO:root:empty resp
INFO:root:sent ping 2022-07-20 17:41:01.783565
INFO:root:2022-07-20 17:41:01.787063Got pong from server
INFO:root:latency :: 0.003785848617553711
INFO:root:sent ping 2022-07-20 17:41:02.785067
INFO:root:2022-07-20 17:41:02.789030Got pong from server
INFO:root:latency :: 0.004302263259887695
INFO:root:sent ping 2022-07-20 17:41:03.786505
INFO:root:2022-07-20 17:41:03.791047Got pong from server
INFO:root:latency :: 0.004828929901123047
INFO:root:sent ping 2022-07-20 17:41:04.787941
INFO:root:2022-07-20 17:41:04.793262Got pong from server
INFO:root:latency :: 0.005639791488647461
INFO:root:sent ping 2022-07-20 17:41:05.789444
INFO:root:2022-07-20 17:41:05.795754Got pong from server
INFO:root:latency :: 0.006639242172241211
INFO:root:sent ping 2022-07-20 17:41:06.790878
INFO:root:2022-07-20 17:41:06.797174Got pong from server
INFO:root:latency :: 0.006568193435668945
INFO:root:sent ping 2022-07-20 17:41:07.792440
INFO:root:2022-07-20 17:41:07.797018Got pong from server
INFO:root:latency :: 0.004915952682495117
INFO:root:sent ping 2022-07-20 17:41:08.793877
INFO:root:2022-07-20 17:41:08.801387Got pong from server
INFO:root:latency :: 0.007878303527832031
INFO:root:sent ping 2022-07-20 17:41:09.795306
INFO:root:2022-07-20 17:41:09.801603Got pong from server
INFO:root:latency :: 0.006598472595214844
INFO:root:sent ping 2022-07-20 17:41:10.796790
INFO:root:2022-07-20 17:41:10.802885Got pong from server
INFO:root:latency :: 0.0064160823822021484
INFO:root:sent ping 2022-07-20 17:41:11.798256
INFO:root:2022-07-20 17:41:11.803788Got pong from server
INFO:root:latency :: 0.005799770355224609
INFO:root:sent ping 2022-07-20 17:41:12.799801
INFO:root:2022-07-20 17:41:12.804711Got pong from server
INFO:root:latency :: 0.0051937103271484375
INFO:root:sent ping 2022-07-20 17:41:13.801276
INFO:root:2022-07-20 17:41:13.812803Got pong from server
INFO:root:latency :: 0.011843204498291016
INFO:root:sent ping 2022-07-20 17:41:14.802895
INFO:root:2022-07-20 17:41:14.807431Got pong from server
INFO:root:latency :: 0.004822731018066406
INFO:root:sent ping 2022-07-20 17:41:15.804304
INFO:root:2022-07-20 17:41:15.811539Got pong from server
INFO:root:latency :: 0.00751042366027832
INFO:root:sent ping 2022-07-20 17:41:16.805766
INFO:root:2022-07-20 17:41:16.812671Got pong from server
INFO:root:latency :: 0.007175445556640625
INFO:root:sent ping 2022-07-20 17:41:17.807309
INFO:root:2022-07-20 17:41:17.813729Got pong from server
INFO:root:latency :: 0.006763458251953125
INFO:root:sent ping 2022-07-20 17:41:18.808806
INFO:root:2022-07-20 17:41:18.814987Got pong from server
INFO:root:latency :: 0.006478071212768555
INFO:root:sent ping 2022-07-20 17:41:19.810282
INFO:root:2022-07-20 17:41:19.815772Got pong from server
INFO:root:latency :: 0.0058019161224365234
INFO:root:sent ping 2022-07-20 17:41:20.811798
INFO:root:2022-07-20 17:41:20.818057Got pong from server
INFO:root:latency :: 0.006616115570068359
INFO:root:sent ping 2022-07-20 17:41:21.813292
INFO:root:2022-07-20 17:41:21.818131Got pong from server
INFO:root:latency :: 0.005214214324951172
INFO:root:sent ping 2022-07-20 17:41:22.814894
INFO:root:2022-07-20 17:41:22.819123Got pong from server
INFO:root:latency :: 0.004534721374511719
INFO:root:sent ping 2022-07-20 17:41:23.815503
INFO:root:2022-07-20 17:41:23.824502Got pong from server
INFO:root:latency :: 0.009571552276611328
INFO:root:sent ping 2022-07-20 17:41:24.817007
INFO:root:2022-07-20 17:41:24.822246Got pong from server
INFO:root:latency :: 0.005563259124755859
INFO:root:sent ping 2022-07-20 17:41:25.818543
INFO:root:2022-07-20 17:41:25.823807Got pong from server
INFO:root:latency :: 0.005567789077758789
INFO:root:sent ping 2022-07-20 17:41:26.819941
INFO:root:2022-07-20 17:41:26.828486Got pong from server
INFO:root:latency :: 0.008824586868286133
INFO:root:sent ping 2022-07-20 17:41:27.821382
INFO:root:2022-07-20 17:41:27.826504Got pong from server
INFO:root:latency :: 0.0054416656494140625
INFO:root:sent ping 2022-07-20 17:41:28.822833
INFO:root:2022-07-20 17:41:28.830581Got pong from server
INFO:root:latency :: 0.008031368255615234
INFO:root:sent ping 2022-07-20 17:41:29.824432
INFO:root:2022-07-20 17:41:29.828212Got pong from server
INFO:root:latency :: 0.004255771636962891
INFO:root:sent ping 2022-07-20 17:41:30.825869
INFO:root:2022-07-20 17:41:30.832294Got pong from server
INFO:root:latency :: 0.0067517757415771484
INFO:root:sent ping 2022-07-20 17:41:31.827272
INFO:root:2022-07-20 17:41:31.831066Got pong from server
INFO:root:latency :: 0.004069089889526367
INFO:root:{'mean_latency': 6.238829705022996, 'std_dev_latency': 1.7062181530755585, 'req_rate': 1.0080557051085666}
DEBUG:urllib3.connectionpool:Starting new HTTP connection (1): 20.66.123.181:5000
DEBUG:urllib3.connectionpool:http://20.66.123.181:5000 "POST /client_stats HTTP/1.1" 204 0
INFO:root:2022-07-20 17:41:32.122690 controller reply to user stats : 
INFO:root:empty resp
INFO:root:sent ping 2022-07-20 17:41:32.828507
INFO:root:2022-07-20 17:41:32.833049Got pong from server
INFO:root:latency :: 0.0049021244049072266
INFO:root:sent ping 2022-07-20 17:41:33.829919
INFO:root:2022-07-20 17:41:33.839991Got pong from server
INFO:root:latency :: 0.010376453399658203
INFO:root:sent ping 2022-07-20 17:41:34.831405
INFO:root:2022-07-20 17:41:34.836404Got pong from server
INFO:root:latency :: 0.005410432815551758
INFO:root:sent ping 2022-07-20 17:41:35.832916
INFO:root:2022-07-20 17:41:35.847685Got pong from server
INFO:root:latency :: 0.0157315731048584
INFO:root:sent ping 2022-07-20 17:41:36.834506
INFO:root:2022-07-20 17:41:36.842631Got pong from server
INFO:root:latency :: 0.008713960647583008
INFO:root:sent ping 2022-07-20 17:41:37.836057
INFO:root:2022-07-20 17:41:37.841734Got pong from server
INFO:root:latency :: 0.005983114242553711
INFO:root:sent ping 2022-07-20 17:41:38.837798
INFO:root:2022-07-20 17:41:38.842602Got pong from server
INFO:root:latency :: 0.005178928375244141
INFO:root:sent ping 2022-07-20 17:41:39.839236
INFO:root:2022-07-20 17:41:39.844908Got pong from server
INFO:root:latency :: 0.0060482025146484375
INFO:root:sent ping 2022-07-20 17:41:40.840764
INFO:root:2022-07-20 17:41:40.848130Got pong from server
INFO:root:latency :: 0.007879018783569336
INFO:root:sent ping 2022-07-20 17:41:41.842193
INFO:root:2022-07-20 17:41:41.845984Got pong from server
INFO:root:latency :: 0.004078865051269531
INFO:root:sent ping 2022-07-20 17:41:42.843697
INFO:root:2022-07-20 17:41:42.849558Got pong from server
INFO:root:latency :: 0.006139039993286133
INFO:root:sent ping 2022-07-20 17:41:43.844428
INFO:root:2022-07-20 17:41:43.858551Got pong from server
INFO:root:latency :: 0.014436960220336914
INFO:root:sent ping 2022-07-20 17:41:44.845927
INFO:root:2022-07-20 17:41:44.858302Got pong from server
INFO:root:latency :: 0.012733221054077148
INFO:root:sent ping 2022-07-20 17:41:45.847488
INFO:root:2022-07-20 17:41:45.851438Got pong from server
INFO:root:latency :: 0.0042455196380615234
INFO:root:sent ping 2022-07-20 17:41:46.849136
INFO:root:2022-07-20 17:41:46.853856Got pong from server
INFO:root:latency :: 0.005045175552368164
INFO:root:sent ping 2022-07-20 17:41:47.850755
INFO:root:2022-07-20 17:41:47.854489Got pong from server
INFO:root:latency :: 0.003988027572631836
INFO:root:sent ping 2022-07-20 17:41:48.852438
INFO:root:2022-07-20 17:41:48.857715Got pong from server
INFO:root:latency :: 0.0057086944580078125
INFO:root:sent ping 2022-07-20 17:41:49.854061
INFO:root:2022-07-20 17:41:49.864386Got pong from server
INFO:root:latency :: 0.01070713996887207
INFO:root:sent ping 2022-07-20 17:41:50.855641
INFO:root:2022-07-20 17:41:50.859696Got pong from server
INFO:root:latency :: 0.004319906234741211
INFO:root:sent ping 2022-07-20 17:41:51.857386
INFO:root:2022-07-20 17:41:51.861539Got pong from server
INFO:root:latency :: 0.0045087337493896484
INFO:root:sent ping 2022-07-20 17:41:52.859010
INFO:root:2022-07-20 17:41:52.865511Got pong from server
INFO:root:latency :: 0.006815910339355469
INFO:root:sent ping 2022-07-20 17:41:53.860492
INFO:root:2022-07-20 17:41:53.865052Got pong from server
INFO:root:latency :: 0.005101203918457031
INFO:root:sent ping 2022-07-20 17:41:54.862139
INFO:root:2022-07-20 17:41:54.868167Got pong from server
INFO:root:latency :: 0.0064716339111328125
INFO:root:sent ping 2022-07-20 17:41:55.863663
INFO:root:2022-07-20 17:41:55.870011Got pong from server
INFO:root:latency :: 0.006613731384277344
INFO:root:sent ping 2022-07-20 17:41:56.865118
INFO:root:2022-07-20 17:41:56.870737Got pong from server
INFO:root:latency :: 0.0058858394622802734
INFO:root:sent ping 2022-07-20 17:41:57.866549
INFO:root:2022-07-20 17:41:57.873490Got pong from server
INFO:root:latency :: 0.007241010665893555
INFO:root:sent ping 2022-07-20 17:41:58.867953
INFO:root:2022-07-20 17:41:58.873186Got pong from server
INFO:root:latency :: 0.0055124759674072266
INFO:root:sent ping 2022-07-20 17:41:59.869510
INFO:root:2022-07-20 17:41:59.875493Got pong from server
INFO:root:latency :: 0.006247997283935547
INFO:root:sent ping 2022-07-20 17:42:00.871035
INFO:root:2022-07-20 17:42:00.876478Got pong from server
INFO:root:latency :: 0.0056972503662109375
INFO:root:sent ping 2022-07-20 17:42:01.872496
INFO:root:2022-07-20 17:42:01.877137Got pong from server
INFO:root:latency :: 0.004907846450805664
INFO:root:sent ping 2022-07-20 17:42:02.873919
INFO:root:2022-07-20 17:42:02.879470Got pong from server
INFO:root:latency :: 0.0058269500732421875
INFO:root:{'mean_latency': 6.853449729181105, 'std_dev_latency': 2.9248531284537367, 'req_rate': 1.0079002977359226}
DEBUG:urllib3.connectionpool:Starting new HTTP connection (1): 20.66.123.181:5000
DEBUG:urllib3.connectionpool:http://20.66.123.181:5000 "POST /client_stats HTTP/1.1" 204 0
INFO:root:2022-07-20 17:42:03.171255 controller reply to user stats : 
INFO:root:empty resp
INFO:root:sent ping 2022-07-20 17:42:03.875045
INFO:root:2022-07-20 17:42:03.879982Got pong from server
INFO:root:latency :: 0.005205631256103516
INFO:root:sent ping 2022-07-20 17:42:04.876599
INFO:root:2022-07-20 17:42:04.882495Got pong from server
INFO:root:latency :: 0.006190061569213867
INFO:root:sent ping 2022-07-20 17:42:05.878017
INFO:root:2022-07-20 17:42:05.882630Got pong from server
INFO:root:latency :: 0.004877567291259766
INFO:root:sent ping 2022-07-20 17:42:06.879511
INFO:root:2022-07-20 17:42:06.894721Got pong from server
INFO:root:latency :: 0.015551328659057617
INFO:root:sent ping 2022-07-20 17:42:07.880908
INFO:root:2022-07-20 17:42:07.905306Got pong from server
INFO:root:latency :: 0.02472853660583496
INFO:root:sent ping 2022-07-20 17:42:08.882294
INFO:root:2022-07-20 17:42:08.887490Got pong from server
INFO:root:latency :: 0.0054781436920166016
INFO:root:sent ping 2022-07-20 17:42:09.884010
INFO:root:2022-07-20 17:42:09.889534Got pong from server
INFO:root:latency :: 0.005830049514770508
INFO:root:sent ping 2022-07-20 17:42:10.885428
INFO:root:2022-07-20 17:42:10.891393Got pong from server
INFO:root:latency :: 0.006279468536376953
INFO:root:sent ping 2022-07-20 17:42:11.886860
INFO:root:2022-07-20 17:42:11.891969Got pong from server
INFO:root:latency :: 0.0054225921630859375
INFO:root:sent ping 2022-07-20 17:42:12.888284
INFO:root:2022-07-20 17:42:12.902546Got pong from server
INFO:root:latency :: 0.014548778533935547
INFO:root:sent ping 2022-07-20 17:42:13.889721
INFO:root:2022-07-20 17:42:13.894055Got pong from server
INFO:root:latency :: 0.004614353179931641
INFO:root:sent ping 2022-07-20 17:42:14.891382
INFO:root:2022-07-20 17:42:14.896640Got pong from server
INFO:root:latency :: 0.005672931671142578
INFO:root:sent ping 2022-07-20 17:42:15.892918
INFO:root:2022-07-20 17:42:15.897047Got pong from server
INFO:root:latency :: 0.004388332366943359
INFO:root:sent ping 2022-07-20 17:42:16.894495
INFO:root:2022-07-20 17:42:16.900821Got pong from server
INFO:root:latency :: 0.006771087646484375
INFO:root:sent ping 2022-07-20 17:42:17.896017
INFO:root:2022-07-20 17:42:17.903944Got pong from server
INFO:root:latency :: 0.008214950561523438
INFO:root:sent ping 2022-07-20 17:42:18.897501
INFO:root:2022-07-20 17:42:18.903709Got pong from server
INFO:root:latency :: 0.006500720977783203
INFO:root:sent ping 2022-07-20 17:42:19.899001
INFO:root:2022-07-20 17:42:19.903397Got pong from server
INFO:root:latency :: 0.004648685455322266
INFO:root:sent ping 2022-07-20 17:42:20.900490
INFO:root:2022-07-20 17:42:20.906732Got pong from server
INFO:root:latency :: 0.006575584411621094
INFO:root:sent ping 2022-07-20 17:42:21.901994
INFO:root:2022-07-20 17:42:21.909532Got pong from server
INFO:root:latency :: 0.00785970687866211
INFO:root:sent ping 2022-07-20 17:42:22.903602
INFO:root:2022-07-20 17:42:22.909113Got pong from server
INFO:root:latency :: 0.005839109420776367
INFO:root:sent ping 2022-07-20 17:42:23.905066
INFO:root:2022-07-20 17:42:23.911707Got pong from server
INFO:root:latency :: 0.0069293975830078125
INFO:root:sent ping 2022-07-20 17:42:24.906513
INFO:root:2022-07-20 17:42:24.919273Got pong from server
INFO:root:latency :: 0.013092279434204102
INFO:root:sent ping 2022-07-20 17:42:25.907929
INFO:root:2022-07-20 17:42:25.912402Got pong from server
INFO:root:latency :: 0.00472712516784668
INFO:root:sent ping 2022-07-20 17:42:26.909471
INFO:root:2022-07-20 17:42:26.914436Got pong from server
INFO:root:latency :: 0.005276918411254883
INFO:root:sent ping 2022-07-20 17:42:27.910987
INFO:root:2022-07-20 17:42:27.915673Got pong from server
INFO:root:latency :: 0.0049550533294677734
INFO:root:sent ping 2022-07-20 17:42:28.912533
INFO:root:2022-07-20 17:42:28.918104Got pong from server
INFO:root:latency :: 0.0058498382568359375
INFO:root:sent ping 2022-07-20 17:42:29.914428
INFO:root:2022-07-20 17:42:29.919991Got pong from server
INFO:root:latency :: 0.0059909820556640625
INFO:root:sent ping 2022-07-20 17:42:30.915925
INFO:root:2022-07-20 17:42:30.921643Got pong from server
INFO:root:latency :: 0.006033897399902344
INFO:root:sent ping 2022-07-20 17:42:31.917503
INFO:root:2022-07-20 17:42:31.922735Got pong from server
INFO:root:latency :: 0.005648374557495117
INFO:root:sent ping 2022-07-20 17:42:32.919147
INFO:root:2022-07-20 17:42:32.926356Got pong from server
INFO:root:latency :: 0.007573843002319336
INFO:root:sent ping 2022-07-20 17:42:33.920919
INFO:root:2022-07-20 17:42:33.926468Got pong from server
INFO:root:latency :: 0.005964517593383789
INFO:root:{'mean_latency': 7.330317651071856, 'std_dev_latency': 4.157727161391016, 'req_rate': 1.0079548973999946}
DEBUG:urllib3.connectionpool:Starting new HTTP connection (1): 20.66.123.181:5000
DEBUG:urllib3.connectionpool:http://20.66.123.181:5000 "POST /client_stats HTTP/1.1" 204 0
INFO:root:2022-07-20 17:42:34.212150 controller reply to user stats : 
INFO:root:empty resp
INFO:root:sent ping 2022-07-20 17:42:34.922208
INFO:root:2022-07-20 17:42:34.927317Got pong from server
INFO:root:latency :: 0.005434989929199219
INFO:root:sent ping 2022-07-20 17:42:35.923749
INFO:root:2022-07-20 17:42:35.929475Got pong from server
INFO:root:latency :: 0.006039619445800781
INFO:root:sent ping 2022-07-20 17:42:36.925180
INFO:root:2022-07-20 17:42:36.929481Got pong from server
INFO:root:latency :: 0.00457000732421875
INFO:root:sent ping 2022-07-20 17:42:37.926788
INFO:root:2022-07-20 17:42:37.931976Got pong from server
INFO:root:latency :: 0.0054721832275390625
INFO:root:sent ping 2022-07-20 17:42:38.928289
INFO:root:2022-07-20 17:42:38.933924Got pong from server
INFO:root:latency :: 0.005903005599975586
INFO:root:sent ping 2022-07-20 17:42:39.929791
INFO:root:2022-07-20 17:42:39.935900Got pong from server
INFO:root:latency :: 0.006438493728637695
INFO:root:sent ping 2022-07-20 17:42:40.931222
INFO:root:2022-07-20 17:42:40.937001Got pong from server
INFO:root:latency :: 0.00606846809387207
INFO:root:sent ping 2022-07-20 17:42:41.932767
INFO:root:2022-07-20 17:42:41.938793Got pong from server
INFO:root:latency :: 0.006289482116699219
INFO:root:sent ping 2022-07-20 17:42:42.934296
INFO:root:2022-07-20 17:42:42.942423Got pong from server
INFO:root:latency :: 0.008604288101196289
INFO:root:sent ping 2022-07-20 17:42:43.935802
INFO:root:2022-07-20 17:42:43.941744Got pong from server
INFO:root:latency :: 0.006200075149536133
INFO:root:sent ping 2022-07-20 17:42:44.937318
INFO:root:2022-07-20 17:42:44.943374Got pong from server
INFO:root:latency :: 0.006325483322143555
INFO:root:sent ping 2022-07-20 17:42:45.938772
INFO:root:2022-07-20 17:42:45.942947Got pong from server
INFO:root:latency :: 0.004458904266357422
INFO:root:sent ping 2022-07-20 17:42:46.940236
INFO:root:2022-07-20 17:42:46.944851Got pong from server
INFO:root:latency :: 0.004879474639892578
INFO:root:sent ping 2022-07-20 17:42:47.941797
INFO:root:2022-07-20 17:42:47.947570Got pong from server
INFO:root:latency :: 0.00605320930480957
INFO:root:sent ping 2022-07-20 17:42:48.943371
INFO:root:2022-07-20 17:42:48.950538Got pong from server
INFO:root:latency :: 0.007569551467895508
INFO:root:sent ping 2022-07-20 17:42:49.944911
INFO:root:2022-07-20 17:42:49.952398Got pong from server
INFO:root:latency :: 0.0077855587005615234
INFO:root:sent ping 2022-07-20 17:42:50.946451
INFO:root:2022-07-20 17:42:50.950130Got pong from server
INFO:root:latency :: 0.003963470458984375
INFO:root:sent ping 2022-07-20 17:42:51.947864
INFO:root:2022-07-20 17:42:51.953262Got pong from server
INFO:root:latency :: 0.005719423294067383
INFO:root:sent ping 2022-07-20 17:42:52.949300
INFO:root:2022-07-20 17:42:52.954739Got pong from server
INFO:root:latency :: 0.005708456039428711
INFO:root:sent ping 2022-07-20 17:42:53.950857
INFO:root:2022-07-20 17:42:53.957122Got pong from server
INFO:root:latency :: 0.006561756134033203
INFO:root:sent ping 2022-07-20 17:42:54.952439
INFO:root:2022-07-20 17:42:54.956811Got pong from server
INFO:root:latency :: 0.004785776138305664
INFO:root:sent ping 2022-07-20 17:42:55.954033
INFO:root:2022-07-20 17:42:55.958091Got pong from server
INFO:root:latency :: 0.004368782043457031
INFO:root:sent ping 2022-07-20 17:42:56.955629
INFO:root:2022-07-20 17:42:56.961107Got pong from server
INFO:root:latency :: 0.0058438777923583984
INFO:root:sent ping 2022-07-20 17:42:57.957165
INFO:root:2022-07-20 17:42:57.962468Got pong from server
INFO:root:latency :: 0.005563259124755859
INFO:root:sent ping 2022-07-20 17:42:58.958731
INFO:root:2022-07-20 17:42:58.963599Got pong from server
INFO:root:latency :: 0.005239725112915039
INFO:root:sent ping 2022-07-20 17:42:59.960200
INFO:root:2022-07-20 17:42:59.965196Got pong from server
INFO:root:latency :: 0.005298137664794922
INFO:root:sent ping 2022-07-20 17:43:00.961749
INFO:root:2022-07-20 17:43:00.965506Got pong from server
INFO:root:latency :: 0.004000663757324219
INFO:root:sent ping 2022-07-20 17:43:01.963414
INFO:root:2022-07-20 17:43:01.968515Got pong from server
INFO:root:latency :: 0.005476474761962891
INFO:root:sent ping 2022-07-20 17:43:02.964907
INFO:root:2022-07-20 17:43:02.971408Got pong from server
INFO:root:latency :: 0.00677943229675293
INFO:root:sent ping 2022-07-20 17:43:03.966471
INFO:root:2022-07-20 17:43:03.972852Got pong from server
INFO:root:latency :: 0.006749391555786133
INFO:root:sent ping 2022-07-20 17:43:04.967954
INFO:root:2022-07-20 17:43:04.981205Got pong from server
INFO:root:latency :: 0.013582468032836914
INFO:root:{'mean_latency': 6.055931891164472, 'std_dev_latency': 1.723021531339753, 'req_rate': 1.0074973199006685}
DEBUG:urllib3.connectionpool:Starting new HTTP connection (1): 20.66.123.181:5000
DEBUG:urllib3.connectionpool:http://20.66.123.181:5000 "POST /client_stats HTTP/1.1" 204 0
INFO:root:2022-07-20 17:43:05.266213 controller reply to user stats : 
INFO:root:empty resp
INFO:root:sent ping 2022-07-20 17:43:05.969114
INFO:root:2022-07-20 17:43:05.975518Got pong from server
INFO:root:latency :: 0.0067102909088134766
INFO:root:sent ping 2022-07-20 17:43:06.970550
INFO:root:2022-07-20 17:43:06.974078Got pong from server
INFO:root:latency :: 0.0037915706634521484
INFO:root:sent ping 2022-07-20 17:43:07.971983
INFO:root:2022-07-20 17:43:07.975708Got pong from server
INFO:root:latency :: 0.004001140594482422
INFO:root:sent ping 2022-07-20 17:43:08.973529
INFO:root:2022-07-20 17:43:08.980474Got pong from server
INFO:root:latency :: 0.0072176456451416016
INFO:root:sent ping 2022-07-20 17:43:09.975054
INFO:root:2022-07-20 17:43:09.978886Got pong from server
INFO:root:latency :: 0.004087209701538086
INFO:root:sent ping 2022-07-20 17:43:10.976501
INFO:root:2022-07-20 17:43:10.981137Got pong from server
INFO:root:latency :: 0.005028724670410156
INFO:root:sent ping 2022-07-20 17:43:11.978085
INFO:root:2022-07-20 17:43:11.983454Got pong from server
INFO:root:latency :: 0.0056514739990234375
INFO:root:sent ping 2022-07-20 17:43:12.979545
INFO:root:2022-07-20 17:43:12.984601Got pong from server
INFO:root:latency :: 0.005352020263671875
INFO:root:sent ping 2022-07-20 17:43:13.981056
INFO:root:2022-07-20 17:43:13.985089Got pong from server
INFO:root:latency :: 0.004897356033325195
INFO:root:sent ping 2022-07-20 17:43:14.982619
INFO:root:2022-07-20 17:43:14.988642Got pong from server
INFO:root:latency :: 0.006318330764770508
INFO:root:sent ping 2022-07-20 17:43:15.984116
INFO:root:2022-07-20 17:43:15.994589Got pong from server
INFO:root:latency :: 0.010781526565551758
INFO:root:sent ping 2022-07-20 17:43:16.985727
INFO:root:2022-07-20 17:43:17.000749Got pong from server
INFO:root:latency :: 0.01533818244934082
INFO:root:sent ping 2022-07-20 17:43:17.987457
INFO:root:2022-07-20 17:43:17.993540Got pong from server
INFO:root:latency :: 0.006944894790649414
INFO:root:sent ping 2022-07-20 17:43:18.988984
INFO:root:2022-07-20 17:43:18.994539Got pong from server
INFO:root:latency :: 0.005903482437133789
INFO:root:sent ping 2022-07-20 17:43:19.990645
INFO:root:2022-07-20 17:43:19.995849Got pong from server
INFO:root:latency :: 0.005616426467895508
INFO:root:sent ping 2022-07-20 17:43:20.992449
INFO:root:2022-07-20 17:43:20.997244Got pong from server
INFO:root:latency :: 0.005124807357788086
INFO:root:sent ping 2022-07-20 17:43:21.993951
INFO:root:2022-07-20 17:43:21.998303Got pong from server
INFO:root:latency :: 0.00467681884765625
INFO:root:sent ping 2022-07-20 17:43:22.995446
INFO:root:2022-07-20 17:43:23.000795Got pong from server
INFO:root:latency :: 0.00565791130065918
INFO:root:sent ping 2022-07-20 17:43:23.996867
INFO:root:2022-07-20 17:43:24.000848Got pong from server
INFO:root:latency :: 0.00425410270690918
INFO:root:sent ping 2022-07-20 17:43:24.998298
INFO:root:2022-07-20 17:43:25.004502Got pong from server
INFO:root:latency :: 0.00649261474609375
INFO:root:sent ping 2022-07-20 17:43:25.999754
INFO:root:2022-07-20 17:43:26.005117Got pong from server
INFO:root:latency :: 0.005641937255859375
INFO:root:sent ping 2022-07-20 17:43:27.001179
INFO:root:2022-07-20 17:43:27.006885Got pong from server
INFO:root:latency :: 0.005996227264404297
INFO:root:sent ping 2022-07-20 17:43:28.002656
INFO:root:2022-07-20 17:43:28.006613Got pong from server
INFO:root:latency :: 0.004239320755004883
INFO:root:sent ping 2022-07-20 17:43:29.004076
INFO:root:2022-07-20 17:43:29.009779Got pong from server
INFO:root:latency :: 0.006017446517944336
INFO:root:sent ping 2022-07-20 17:43:30.005587
INFO:root:2022-07-20 17:43:30.014463Got pong from server
INFO:root:latency :: 0.009153127670288086
INFO:root:sent ping 2022-07-20 17:43:31.006989
INFO:root:2022-07-20 17:43:31.012088Got pong from server
INFO:root:latency :: 0.005445718765258789
INFO:root:sent ping 2022-07-20 17:43:32.008401
INFO:root:2022-07-20 17:43:32.011984Got pong from server
INFO:root:latency :: 0.003870725631713867
INFO:root:sent ping 2022-07-20 17:43:33.009959
INFO:root:2022-07-20 17:43:33.014307Got pong from server
INFO:root:latency :: 0.004655599594116211
INFO:root:sent ping 2022-07-20 17:43:34.011400
INFO:root:2022-07-20 17:43:34.016585Got pong from server
INFO:root:latency :: 0.005486726760864258
INFO:root:sent ping 2022-07-20 17:43:35.012909
INFO:root:2022-07-20 17:43:35.023531Got pong from server
INFO:root:latency :: 0.010926961898803711
INFO:root:sent ping 2022-07-20 17:43:36.014309
INFO:root:2022-07-20 17:43:36.019408Got pong from server
INFO:root:latency :: 0.005391359329223633
INFO:root:{'mean_latency': 6.15069943089639, 'std_dev_latency': 2.3988099946128205, 'req_rate': 1.0080202560065246}
DEBUG:urllib3.connectionpool:Starting new HTTP connection (1): 20.66.123.181:5000
DEBUG:urllib3.connectionpool:http://20.66.123.181:5000 "POST /client_stats HTTP/1.1" 204 0
INFO:root:2022-07-20 17:43:36.306970 controller reply to user stats : 
INFO:root:empty resp
INFO:root:sent ping 2022-07-20 17:43:37.015644
INFO:root:2022-07-20 17:43:37.020699Got pong from server
INFO:root:latency :: 0.005423307418823242
INFO:root:sent ping 2022-07-20 17:43:38.017185
INFO:root:2022-07-20 17:43:38.021491Got pong from server
INFO:root:latency :: 0.0046083927154541016
INFO:root:sent ping 2022-07-20 17:43:39.018809
INFO:root:2022-07-20 17:43:39.026548Got pong from server
INFO:root:latency :: 0.008027791976928711
INFO:root:sent ping 2022-07-20 17:43:40.020220
INFO:root:2022-07-20 17:43:40.023772Got pong from server
INFO:root:latency :: 0.0038115978240966797
INFO:root:sent ping 2022-07-20 17:43:41.021696
INFO:root:2022-07-20 17:43:41.027196Got pong from server
INFO:root:latency :: 0.005812644958496094
INFO:root:sent ping 2022-07-20 17:43:42.023131
INFO:root:2022-07-20 17:43:42.027025Got pong from server
INFO:root:latency :: 0.004195451736450195
INFO:root:sent ping 2022-07-20 17:43:43.024662
INFO:root:2022-07-20 17:43:43.028885Got pong from server
INFO:root:latency :: 0.004476308822631836
INFO:root:sent ping 2022-07-20 17:43:44.026076
INFO:root:2022-07-20 17:43:44.029934Got pong from server
INFO:root:latency :: 0.004135847091674805
INFO:root:sent ping 2022-07-20 17:43:45.027626
INFO:root:2022-07-20 17:43:45.031450Got pong from server
INFO:root:latency :: 0.004127979278564453
INFO:root:sent ping 2022-07-20 17:43:46.029074
INFO:root:2022-07-20 17:43:46.033092Got pong from server
INFO:root:latency :: 0.0043718814849853516
INFO:root:sent ping 2022-07-20 17:43:47.030587
INFO:root:2022-07-20 17:43:47.034403Got pong from server
INFO:root:latency :: 0.00407862663269043
INFO:root:sent ping 2022-07-20 17:43:48.032102
INFO:root:2022-07-20 17:43:48.036119Got pong from server
INFO:root:latency :: 0.0043489933013916016
INFO:root:sent ping 2022-07-20 17:43:49.033630
INFO:root:2022-07-20 17:43:49.041787Got pong from server
INFO:root:latency :: 0.008455753326416016
INFO:root:sent ping 2022-07-20 17:43:50.035358
INFO:root:2022-07-20 17:43:50.048664Got pong from server
INFO:root:latency :: 0.01362156867980957
INFO:root:sent ping 2022-07-20 17:43:51.036732
INFO:root:2022-07-20 17:43:51.042618Got pong from server
INFO:root:latency :: 0.006140470504760742
INFO:root:sent ping 2022-07-20 17:43:52.038211
INFO:root:2022-07-20 17:43:52.042992Got pong from server
INFO:root:latency :: 0.0051190853118896484
INFO:root:sent ping 2022-07-20 17:43:53.039694
INFO:root:2022-07-20 17:43:53.043677Got pong from server
INFO:root:latency :: 0.004240274429321289
INFO:root:sent ping 2022-07-20 17:43:54.041156
INFO:root:2022-07-20 17:43:54.047257Got pong from server
INFO:root:latency :: 0.0064716339111328125
INFO:root:sent ping 2022-07-20 17:43:55.042629
INFO:root:2022-07-20 17:43:55.056140Got pong from server
INFO:root:latency :: 0.013794422149658203
INFO:root:sent ping 2022-07-20 17:43:56.044101
INFO:root:2022-07-20 17:43:56.048000Got pong from server
INFO:root:latency :: 0.004158496856689453
INFO:root:sent ping 2022-07-20 17:43:57.045531
INFO:root:2022-07-20 17:43:57.049286Got pong from server
INFO:root:latency :: 0.004070758819580078
INFO:root:sent ping 2022-07-20 17:43:58.047154
INFO:root:2022-07-20 17:43:58.057186Got pong from server
INFO:root:latency :: 0.01034402847290039
INFO:root:sent ping 2022-07-20 17:43:59.048655
INFO:root:2022-07-20 17:43:59.054941Got pong from server
INFO:root:latency :: 0.0065920352935791016
INFO:root:sent ping 2022-07-20 17:44:00.050127
INFO:root:2022-07-20 17:44:00.057832Got pong from server
INFO:root:latency :: 0.008076190948486328
INFO:root:sent ping 2022-07-20 17:44:01.051653
INFO:root:2022-07-20 17:44:01.057069Got pong from server
INFO:root:latency :: 0.0057849884033203125
INFO:root:sent ping 2022-07-20 17:44:02.053252
INFO:root:2022-07-20 17:44:02.060248Got pong from server
INFO:root:latency :: 0.007321596145629883
INFO:root:sent ping 2022-07-20 17:44:03.054754
INFO:root:2022-07-20 17:44:03.058990Got pong from server
INFO:root:latency :: 0.004525661468505859
INFO:root:sent ping 2022-07-20 17:44:04.056183
INFO:root:2022-07-20 17:44:04.060588Got pong from server
INFO:root:latency :: 0.004675865173339844
INFO:root:sent ping 2022-07-20 17:44:05.057708
INFO:root:2022-07-20 17:44:05.062291Got pong from server
INFO:root:latency :: 0.0049571990966796875
INFO:root:sent ping 2022-07-20 17:44:06.059418
INFO:root:2022-07-20 17:44:06.064109Got pong from server
INFO:root:latency :: 0.004996299743652344
INFO:root:sent ping 2022-07-20 17:44:07.060863
INFO:root:2022-07-20 17:44:07.070713Got pong from server
INFO:root:latency :: 0.01013493537902832
INFO:root:{'mean_latency': 6.158067334082819, 'std_dev_latency': 2.643315330961086, 'req_rate': 1.0076759839572473}
DEBUG:urllib3.connectionpool:Starting new HTTP connection (1): 20.66.123.181:5000
ERROR:engineio.client:packet queue is empty, aborting
INFO:root:disconnected from game container 2022-07-20 17:44:37.073141
INFO:root:{'mean_latency': nan, 'std_dev_latency': nan, 'req_rate': 0.0}
DEBUG:urllib3.connectionpool:Starting new HTTP connection (1): 20.66.123.181:5000
